Log file open, 11/10/21 17:58:52
LogWindows: Failed to load 'aqProf.dll' (GetLastError=126)
LogWindows: File 'aqProf.dll' does not exist
LogWindows: Failed to load 'VtuneApi.dll' (GetLastError=126)
LogWindows: File 'VtuneApi.dll' does not exist
LogWindows: Failed to load 'VtuneApi32e.dll' (GetLastError=126)
LogWindows: File 'VtuneApi32e.dll' does not exist
LogConsoleResponse: Display: Failed to find resolution value strings in scalability ini. Falling back to default.
LogConsoleResponse: Display: Failed to find resolution value strings in scalability ini. Falling back to default.
LogInit: Display: Running engine for game: hideAndSeekSenpai
LogPlatformFile: Not using cached read wrapper
LogTaskGraph: Started task graph with 5 named threads and 14 total threads with 3 sets of task threads.
LogStats: Stats thread started at 0.356478
LogICUInternationalization: ICU TimeZone Detection - Raw Offset: -6:00, Platform Override: ''
LogInit: Display: Loading text-based GConfig....
LogPluginManager: Mounting plugin MeshPainting
LogPluginManager: Mounting plugin XGEController
LogPluginManager: Mounting plugin Paper2D
LogPluginManager: Mounting plugin LiveLink
LogPluginManager: Mounting plugin EnvironmentQueryEditor
LogPluginManager: Mounting plugin AISupport
LogPluginManager: Mounting plugin LightPropagationVolume
LogPluginManager: Mounting plugin GameplayCameras
LogPluginManager: Mounting plugin CameraShakePreviewer
LogPluginManager: Mounting plugin OodleData
LogPluginManager: Mounting plugin OodleNetwork
LogPluginManager: Mounting plugin AnimationSharing
LogPluginManager: Mounting plugin CLionSourceCodeAccess
LogPluginManager: Mounting plugin CodeLiteSourceCodeAccess
LogPluginManager: Mounting plugin KDevelopSourceCodeAccess
LogPluginManager: Mounting plugin GitSourceControl
LogPluginManager: Mounting plugin NullSourceCodeAccess
LogPluginManager: Mounting plugin PerforceSourceControl
LogPluginManager: Mounting plugin PixWinPlugin
LogPluginManager: Mounting plugin PlasticSourceControl
LogPluginManager: Mounting plugin PluginUtils
LogPluginManager: Mounting plugin PropertyAccessNode
LogPluginManager: Mounting plugin RiderSourceCodeAccess
LogPluginManager: Mounting plugin SubversionSourceControl
LogPluginManager: Mounting plugin TextureFormatOodle
LogPluginManager: Mounting plugin UObjectPlugin
LogPluginManager: Mounting plugin VisualStudioCodeSourceCodeAccess
LogPluginManager: Mounting plugin VisualStudioSourceCodeAccess
LogPluginManager: Mounting plugin XCodeSourceCodeAccess
LogPluginManager: Mounting plugin AssetManagerEditor
LogPluginManager: Mounting plugin CryptoKeys
LogPluginManager: Mounting plugin CurveEditorTools
LogPluginManager: Mounting plugin DataValidation
LogPluginManager: Mounting plugin FacialAnimation
LogPluginManager: Mounting plugin GameplayTagsEditor
LogPluginManager: Mounting plugin GeometryMode
LogPluginManager: Mounting plugin MacGraphicsSwitching
LogPluginManager: Mounting plugin MaterialAnalyzer
LogPluginManager: Mounting plugin MobileLauncherProfileWizard
LogPluginManager: Mounting plugin PluginBrowser
LogPluginManager: Mounting plugin SpeedTreeImporter
LogPluginManager: Mounting plugin DatasmithContent
LogPluginManager: Mounting plugin VariantManagerContent
LogPluginManager: Mounting plugin AlembicImporter
LogPluginManager: Mounting plugin AutomationUtils
LogPluginManager: Mounting plugin BackChannel
LogPluginManager: Mounting plugin ChaosCloth
LogPluginManager: Mounting plugin ChaosEditor
LogPluginManager: Mounting plugin ChaosClothEditor
LogPluginManager: Mounting plugin ChaosNiagara
LogPluginManager: Mounting plugin ChaosSolverPlugin
LogPluginManager: Mounting plugin CharacterAI
LogPluginManager: Mounting plugin GeometryCache
LogPluginManager: Mounting plugin GeometryCollectionPlugin
LogPluginManager: Mounting plugin Niagara
LogPluginManager: Mounting plugin GeometryProcessing
LogPluginManager: Mounting plugin OpenImageDenoise
LogPluginManager: Mounting plugin MotoSynth
LogPluginManager: Mounting plugin PlanarCut
LogPluginManager: Mounting plugin PlatformCrypto
LogPluginManager: Mounting plugin ProxyLODPlugin
LogPluginManager: Mounting plugin PythonScriptPlugin
LogPluginManager: Mounting plugin SkeletalReduction
LogPluginManager: Mounting plugin LuminPlatformFeatures
LogPluginManager: Mounting plugin MagicLeap
LogPluginManager: Mounting plugin MagicLeapLightEstimation
LogPluginManager: Mounting plugin MagicLeapMedia
LogPluginManager: Mounting plugin MagicLeapPassableWorld
LogPluginManager: Mounting plugin MLSDK
LogPluginManager: Mounting plugin AndroidMedia
LogPluginManager: Mounting plugin AvfMedia
LogPluginManager: Mounting plugin ImgMedia
LogPluginManager: Mounting plugin MediaCompositing
LogPluginManager: Mounting plugin MediaPlayerEditor
LogPluginManager: Mounting plugin WebMMedia
LogPluginManager: Mounting plugin WmfMedia
LogPluginManager: Mounting plugin UdpMessaging
LogPluginManager: Mounting plugin TcpMessaging
LogPluginManager: Mounting plugin ActorSequence
LogPluginManager: Mounting plugin MatineeToLevelSequence
LogPluginManager: Mounting plugin LevelSequenceEditor
LogPluginManager: Mounting plugin TemplateSequence
LogPluginManager: Mounting plugin OnlineSubsystem
LogPluginManager: Mounting plugin OnlineSubsystemNull
LogPluginManager: Mounting plugin OnlineSubsystemUtils
LogPluginManager: Mounting plugin LauncherChunkInstaller
LogPluginManager: Mounting plugin ActorLayerUtilities
LogPluginManager: Mounting plugin AndroidDeviceProfileSelector
LogPluginManager: Mounting plugin AndroidMoviePlayer
LogPluginManager: Mounting plugin AndroidPermission
LogPluginManager: Mounting plugin AppleImageUtils
LogPluginManager: Mounting plugin AppleMoviePlayer
LogPluginManager: Mounting plugin ArchVisCharacter
LogPluginManager: Mounting plugin AssetTags
LogPluginManager: Mounting plugin AudioCapture
LogPluginManager: Mounting plugin AudioSynesthesia
LogPluginManager: Mounting plugin CableComponent
LogPluginManager: Mounting plugin ChunkDownloader
LogPluginManager: Mounting plugin CustomMeshComponent
LogPluginManager: Mounting plugin EditableMesh
LogPluginManager: Mounting plugin ExampleDeviceProfileSelector
LogPluginManager: Mounting plugin GoogleCloudMessaging
LogPluginManager: Mounting plugin GooglePAD
LogPluginManager: Mounting plugin IOSDeviceProfileSelector
LogPluginManager: Mounting plugin LinuxDeviceProfileSelector
LogPluginManager: Mounting plugin LocationServicesBPLibrary
LogPluginManager: Mounting plugin MobilePatchingUtils
LogPluginManager: Mounting plugin OpenXR
LogPluginManager: Mounting plugin OpenXREyeTracker
LogPluginManager: Mounting plugin OpenXRHandTracking
LogPluginManager: Mounting plugin PhysXVehicles
LogPluginManager: Mounting plugin PostSplashScreen
LogPluginManager: Mounting plugin ProceduralMeshComponent
LogPluginManager: Mounting plugin PropertyAccessEditor
LogPluginManager: Mounting plugin RuntimePhysXCooking
LogPluginManager: Mounting plugin SignificanceManager
LogPluginManager: Mounting plugin SoundFields
LogPluginManager: Mounting plugin Synthesis
LogPluginManager: Mounting plugin WebMMoviePlayer
LogPluginManager: Mounting plugin WindowsMoviePlayer
LogPluginManager: Mounting plugin ScreenshotTools
LogPluginManager: Mounting plugin Takes
LogPluginManager: Mounting plugin ContentBrowserAssetDataSource
LogPluginManager: Mounting plugin ContentBrowserClassDataSource
LogPluginManager: Mounting plugin ContentBrowserFileDataSource
LogPluginManager: Mounting plugin OnlineSubsystemGooglePlay
LogPluginManager: Mounting plugin OnlineSubsystemIOS
LogPluginManager: Mounting plugin OculusVR
LogPluginManager: Mounting plugin SteamVR
PixWinPlugin: PIX capture plugin failed to initialize! Check that the process is launched from PIX.
LogInit: Using libcurl 7.55.1-DEV
LogInit:  - built for x86_64-pc-win32
LogInit:  - supports SSL with OpenSSL/1.1.1
LogInit:  - supports HTTP deflate (compression) using libz 1.2.8
LogInit:  - other features:
LogInit:      CURL_VERSION_SSL
LogInit:      CURL_VERSION_LIBZ
LogInit:      CURL_VERSION_IPV6
LogInit:      CURL_VERSION_ASYNCHDNS
LogInit:      CURL_VERSION_LARGEFILE
LogInit:      CURL_VERSION_IDN
LogInit:  CurlRequestOptions (configurable via config and command line):
LogInit:  - bVerifyPeer = true  - Libcurl will verify peer certificate
LogInit:  - bUseHttpProxy = false  - Libcurl will NOT use HTTP proxy
LogInit:  - bDontReuseConnections = false  - Libcurl will reuse connections
LogInit:  - MaxHostConnections = 16  - Libcurl will limit the number of connections to a host
LogInit:  - LocalHostAddr = Default
LogInit:  - BufferSize = 65536
LogOnline: OSS: Creating online subsystem instance for: NULL
LogInit: WinSock: version 1.1 (2.2), MaxSocks=32767, MaxUdp=65467
LogOnline: OSS: TryLoadSubsystemAndSetDefault: Loaded subsystem for module [NULL]
LogOculusPluginWrapper: OculusPlugin initialized successfully
LogHMD: Failed initializing OVRPlugin 1.59.0
LogInit: Build: ++UE4+Release-4.27-CL-17155196
LogInit: Engine Version: 4.27.0-17155196+++UE4+Release-4.27
LogInit: Compatible Engine Version: 4.27.0-17155196+++UE4+Release-4.27
LogInit: Net CL: 17155196
LogInit: OS: Windows 10 (Release 2009) (), CPU:         Intel(R) Core(TM) i5-3570 CPU @ 3.40GHz, GPU: NVIDIA GeForce GTX 1650
LogInit: Compiled (64-bit): Aug 13 2021 06:13:13
LogInit: Compiled with Visual C++: 19.24.28315.00
LogInit: Build Configuration: Development
LogInit: Branch Name: ++UE4+Release-4.27
LogInit: Command Line: 
LogInit: Base Directory: D:/Program Files/Epic Games/UE_4.27/Engine/Binaries/Win64/
LogInit: Allocator: TBB
LogInit: Installed Engine Build: 1
LogDevObjectVersion: Number of dev versions registered: 29
LogDevObjectVersion:   Dev-Blueprints (B0D832E4-1F89-4F0D-ACCF-7EB736FD4AA2): 10
LogDevObjectVersion:   Dev-Build (E1C64328-A22C-4D53-A36C-8E866417BD8C): 0
LogDevObjectVersion:   Dev-Core (375EC13C-06E4-48FB-B500-84F0262A717E): 4
LogDevObjectVersion:   Dev-Editor (E4B068ED-F494-42E9-A231-DA0B2E46BB41): 40
LogDevObjectVersion:   Dev-Framework (CFFC743F-43B0-4480-9391-14DF171D2073): 37
LogDevObjectVersion:   Dev-Mobile (B02B49B5-BB20-44E9-A304-32B752E40360): 3
LogDevObjectVersion:   Dev-Networking (A4E4105C-59A1-49B5-A7C5-40C4547EDFEE): 0
LogDevObjectVersion:   Dev-Online (39C831C9-5AE6-47DC-9A44-9C173E1C8E7C): 0
LogDevObjectVersion:   Dev-Physics (78F01B33-EBEA-4F98-B9B4-84EACCB95AA2): 14
LogDevObjectVersion:   Dev-Platform (6631380F-2D4D-43E0-8009-CF276956A95A): 0
LogDevObjectVersion:   Dev-Rendering (12F88B9F-8875-4AFC-A67C-D90C383ABD29): 45
LogDevObjectVersion:   Dev-Sequencer (7B5AE74C-D270-4C10-A958-57980B212A5A): 13
LogDevObjectVersion:   Dev-VR (D7296918-1DD6-4BDD-9DE2-64A83CC13884): 3
LogDevObjectVersion:   Dev-LoadTimes (C2A15278-BFE7-4AFE-6C17-90FF531DF755): 1
LogDevObjectVersion:   Private-Geometry (6EACA3D4-40EC-4CC1-B786-8BED09428FC5): 3
LogDevObjectVersion:   Dev-AnimPhys (29E575DD-E0A3-4627-9D10-D276232CDCEA): 17
LogDevObjectVersion:   Dev-Anim (AF43A65D-7FD3-4947-9873-3E8ED9C1BB05): 15
LogDevObjectVersion:   Dev-ReflectionCapture (6B266CEC-1EC7-4B8F-A30B-E4D90942FC07): 1
LogDevObjectVersion:   Dev-Automation (0DF73D61-A23F-47EA-B727-89E90C41499A): 1
LogDevObjectVersion:   FortniteMain (601D1886-AC64-4F84-AA16-D3DE0DEAC7D6): 47
LogDevObjectVersion:   FortniteRelease (E7086368-6B23-4C58-8439-1B7016265E91): 1
LogDevObjectVersion:   Dev-Enterprise (9DFFBCD6-494F-0158-E221-12823C92A888): 10
LogDevObjectVersion:   Dev-Niagara (F2AED0AC-9AFE-416F-8664-AA7FFA26D6FC): 1
LogDevObjectVersion:   Dev-Destruction (174F1F0B-B4C6-45A5-B13F-2EE8D0FB917D): 10
LogDevObjectVersion:   Dev-Physics-Ext (35F94A83-E258-406C-A318-09F59610247C): 41
LogDevObjectVersion:   Dev-PhysicsMaterial-Chaos (B68FC16E-8B1B-42E2-B453-215C058844FE): 1
LogDevObjectVersion:   Dev-CineCamera (B2E18506-4273-CFC2-A54E-F4BB758BBA07): 1
LogDevObjectVersion:   Dev-VirtualProduction (64F58936-FD1B-42BA-BA96-7289D5D0FA4E): 1
LogDevObjectVersion:   Dev-MediaFramework (6F0ED827-A609-4895-9C91-998D90180EA4): 2
LogInit: Presizing for max 25165824 objects, including 0 objects not considered by GC, pre-allocating 0 bytes for permanent pool.
LogConfig: Applying CVar settings from Section [/Script/Engine.StreamingSettings] File [C:/Users/Darkstar/Documents/Scool Files/AI Class/UNREAL STUFF/WEEK 11/GAME2303_sPaskin_week11Assignment/hideAndSeekSenpai/Saved/Config/Windows/Engine.ini]
LogConfig: Setting CVar [[s.MinBulkDataSizeForAsyncLoading:131072]]
LogConfig: Setting CVar [[s.AsyncLoadingThreadEnabled:0]]
LogConfig: Setting CVar [[s.EventDrivenLoaderEnabled:1]]
LogConfig: Setting CVar [[s.WarnIfTimeLimitExceeded:0]]
LogConfig: Setting CVar [[s.TimeLimitExceededMultiplier:1.5]]
LogConfig: Setting CVar [[s.TimeLimitExceededMinTime:0.005]]
LogConfig: Setting CVar [[s.UseBackgroundLevelStreaming:1]]
LogConfig: Setting CVar [[s.PriorityAsyncLoadingExtraTime:15.0]]
LogConfig: Setting CVar [[s.LevelStreamingActorsUpdateTimeLimit:5.0]]
LogConfig: Setting CVar [[s.PriorityLevelStreamingActorsUpdateExtraTime:5.0]]
LogConfig: Setting CVar [[s.LevelStreamingComponentsRegistrationGranularity:10]]
LogConfig: Setting CVar [[s.UnregisterComponentsTimeLimit:1.0]]
LogConfig: Setting CVar [[s.LevelStreamingComponentsUnregistrationGranularity:5]]
LogConfig: Setting CVar [[s.FlushStreamingOnExit:1]]
LogInit: Object subsystem initialized
LogConfig: Setting CVar [[con.DebugEarlyDefault:1]]
LogConfig: Setting CVar [[r.setres:1280x720]]
[2021.11.10-23.58.53:282][  0]LogConfig: Setting CVar [[r.VSync:0]]
[2021.11.10-23.58.53:282][  0]LogConfig: Setting CVar [[r.RHICmdBypass:0]]
[2021.11.10-23.58.53:282][  0]LogConfig: Applying CVar settings from Section [/Script/Engine.RendererSettings] File [C:/Users/Darkstar/Documents/Scool Files/AI Class/UNREAL STUFF/WEEK 11/GAME2303_sPaskin_week11Assignment/hideAndSeekSenpai/Saved/Config/Windows/Engine.ini]
[2021.11.10-23.58.53:283][  0]LogConfig: Setting CVar [[r.GPUCrashDebugging:0]]
[2021.11.10-23.58.53:283][  0]LogConfig: Applying CVar settings from Section [/Script/Engine.RendererOverrideSettings] File [C:/Users/Darkstar/Documents/Scool Files/AI Class/UNREAL STUFF/WEEK 11/GAME2303_sPaskin_week11Assignment/hideAndSeekSenpai/Saved/Config/Windows/Engine.ini]
[2021.11.10-23.58.53:283][  0]LogConfig: Applying CVar settings from Section [/Script/Engine.StreamingSettings] File [C:/Users/Darkstar/Documents/Scool Files/AI Class/UNREAL STUFF/WEEK 11/GAME2303_sPaskin_week11Assignment/hideAndSeekSenpai/Saved/Config/Windows/Engine.ini]
[2021.11.10-23.58.53:283][  0]LogConfig: Setting CVar [[s.MinBulkDataSizeForAsyncLoading:131072]]
[2021.11.10-23.58.53:283][  0]LogConfig: Setting CVar [[s.AsyncLoadingThreadEnabled:0]]
[2021.11.10-23.58.53:283][  0]LogConfig: Setting CVar [[s.EventDrivenLoaderEnabled:1]]
[2021.11.10-23.58.53:283][  0]LogConfig: Setting CVar [[s.WarnIfTimeLimitExceeded:0]]
[2021.11.10-23.58.53:283][  0]LogConfig: Setting CVar [[s.TimeLimitExceededMultiplier:1.5]]
[2021.11.10-23.58.53:283][  0]LogConfig: Setting CVar [[s.TimeLimitExceededMinTime:0.005]]
[2021.11.10-23.58.53:283][  0]LogConfig: Setting CVar [[s.UseBackgroundLevelStreaming:1]]
[2021.11.10-23.58.53:283][  0]LogConfig: Setting CVar [[s.PriorityAsyncLoadingExtraTime:15.0]]
[2021.11.10-23.58.53:283][  0]LogConfig: Setting CVar [[s.LevelStreamingActorsUpdateTimeLimit:5.0]]
[2021.11.10-23.58.53:283][  0]LogConfig: Setting CVar [[s.PriorityLevelStreamingActorsUpdateExtraTime:5.0]]
[2021.11.10-23.58.53:283][  0]LogConfig: Setting CVar [[s.LevelStreamingComponentsRegistrationGranularity:10]]
[2021.11.10-23.58.53:283][  0]LogConfig: Setting CVar [[s.UnregisterComponentsTimeLimit:1.0]]
[2021.11.10-23.58.53:283][  0]LogConfig: Setting CVar [[s.LevelStreamingComponentsUnregistrationGranularity:5]]
[2021.11.10-23.58.53:283][  0]LogConfig: Setting CVar [[s.FlushStreamingOnExit:1]]
[2021.11.10-23.58.53:283][  0]LogConfig: Applying CVar settings from Section [/Script/Engine.GarbageCollectionSettings] File [C:/Users/Darkstar/Documents/Scool Files/AI Class/UNREAL STUFF/WEEK 11/GAME2303_sPaskin_week11Assignment/hideAndSeekSenpai/Saved/Config/Windows/Engine.ini]
[2021.11.10-23.58.53:283][  0]LogConfig: Setting CVar [[gc.MaxObjectsNotConsideredByGC:1]]
[2021.11.10-23.58.53:283][  0]LogConfig: Setting CVar [[gc.SizeOfPermanentObjectPool:0]]
[2021.11.10-23.58.53:283][  0]LogConfig: Setting CVar [[gc.FlushStreamingOnGC:0]]
[2021.11.10-23.58.53:283][  0]LogConfig: Setting CVar [[gc.NumRetriesBeforeForcingGC:10]]
[2021.11.10-23.58.53:283][  0]LogConfig: Setting CVar [[gc.AllowParallelGC:1]]
[2021.11.10-23.58.53:283][  0]LogConfig: Setting CVar [[gc.TimeBetweenPurgingPendingKillObjects:61.1]]
[2021.11.10-23.58.53:283][  0]LogConfig: Setting CVar [[gc.MaxObjectsInEditor:25165824]]
[2021.11.10-23.58.53:283][  0]LogConfig: Setting CVar [[gc.IncrementalBeginDestroyEnabled:1]]
[2021.11.10-23.58.53:283][  0]LogConfig: Setting CVar [[gc.CreateGCClusters:1]]
[2021.11.10-23.58.53:283][  0]LogConfig: Setting CVar [[gc.MinGCClusterSize:5]]
[2021.11.10-23.58.53:283][  0]LogConfig: Setting CVar [[gc.ActorClusteringEnabled:0]]
[2021.11.10-23.58.53:283][  0]LogConfig: Setting CVar [[gc.BlueprintClusteringEnabled:0]]
[2021.11.10-23.58.53:283][  0]LogConfig: Setting CVar [[gc.UseDisregardForGCOnDedicatedServers:0]]
[2021.11.10-23.58.53:283][  0]LogConfig: Setting CVar [[gc.MultithreadedDestructionEnabled:1]]
[2021.11.10-23.58.53:283][  0]LogConfig: Applying CVar settings from Section [/Script/Engine.NetworkSettings] File [C:/Users/Darkstar/Documents/Scool Files/AI Class/UNREAL STUFF/WEEK 11/GAME2303_sPaskin_week11Assignment/hideAndSeekSenpai/Saved/Config/Windows/Engine.ini]
[2021.11.10-23.58.53:283][  0]LogConfig: Applying CVar settings from Section [/Script/UnrealEd.CookerSettings] File [C:/Users/Darkstar/Documents/Scool Files/AI Class/UNREAL STUFF/WEEK 11/GAME2303_sPaskin_week11Assignment/hideAndSeekSenpai/Saved/Config/Windows/Engine.ini]
[2021.11.10-23.58.53:303][  0]LogConfig: Applying CVar settings from Section [ViewDistanceQuality@3] File [C:/Users/Darkstar/Documents/Scool Files/AI Class/UNREAL STUFF/WEEK 11/GAME2303_sPaskin_week11Assignment/hideAndSeekSenpai/Saved/Config/Windows/Scalability.ini]
[2021.11.10-23.58.53:303][  0]LogConfig: Setting CVar [[r.SkeletalMeshLODBias:0]]
[2021.11.10-23.58.53:303][  0]LogConfig: Setting CVar [[r.ViewDistanceScale:1.0]]
[2021.11.10-23.58.53:303][  0]LogConfig: Applying CVar settings from Section [AntiAliasingQuality@3] File [C:/Users/Darkstar/Documents/Scool Files/AI Class/UNREAL STUFF/WEEK 11/GAME2303_sPaskin_week11Assignment/hideAndSeekSenpai/Saved/Config/Windows/Scalability.ini]
[2021.11.10-23.58.53:303][  0]LogConfig: Setting CVar [[r.PostProcessAAQuality:4]]
[2021.11.10-23.58.53:303][  0]LogConfig: Applying CVar settings from Section [ShadowQuality@3] File [C:/Users/Darkstar/Documents/Scool Files/AI Class/UNREAL STUFF/WEEK 11/GAME2303_sPaskin_week11Assignment/hideAndSeekSenpai/Saved/Config/Windows/Scalability.ini]
[2021.11.10-23.58.53:303][  0]LogConfig: Setting CVar [[r.LightFunctionQuality:1]]
[2021.11.10-23.58.53:303][  0]LogConfig: Setting CVar [[r.ShadowQuality:5]]
[2021.11.10-23.58.53:303][  0]LogConfig: Setting CVar [[r.Shadow.CSM.MaxCascades:10]]
[2021.11.10-23.58.53:303][  0]LogConfig: Setting CVar [[r.Shadow.MaxResolution:2048]]
[2021.11.10-23.58.53:303][  0]LogConfig: Setting CVar [[r.Shadow.MaxCSMResolution:2048]]
[2021.11.10-23.58.53:303][  0]LogConfig: Setting CVar [[r.Shadow.RadiusThreshold:0.01]]
[2021.11.10-23.58.53:303][  0]LogConfig: Setting CVar [[r.Shadow.DistanceScale:1.0]]
[2021.11.10-23.58.53:303][  0]LogConfig: Setting CVar [[r.Shadow.CSM.TransitionScale:1.0]]
[2021.11.10-23.58.53:303][  0]LogConfig: Setting CVar [[r.Shadow.PreShadowResolutionFactor:1.0]]
[2021.11.10-23.58.53:303][  0]LogConfig: Setting CVar [[r.DistanceFieldShadowing:1]]
[2021.11.10-23.58.53:303][  0]LogConfig: Setting CVar [[r.DistanceFieldAO:1]]
[2021.11.10-23.58.53:303][  0]LogConfig: Setting CVar [[r.AOQuality:2]]
[2021.11.10-23.58.53:303][  0]LogConfig: Setting CVar [[r.VolumetricFog:1]]
[2021.11.10-23.58.53:303][  0]LogConfig: Setting CVar [[r.VolumetricFog.GridPixelSize:8]]
[2021.11.10-23.58.53:303][  0]LogConfig: Setting CVar [[r.VolumetricFog.GridSizeZ:128]]
[2021.11.10-23.58.53:303][  0]LogConfig: Setting CVar [[r.VolumetricFog.HistoryMissSupersampleCount:4]]
[2021.11.10-23.58.53:303][  0]LogConfig: Setting CVar [[r.LightMaxDrawDistanceScale:1]]
[2021.11.10-23.58.53:303][  0]LogConfig: Setting CVar [[r.CapsuleShadows:1]]
[2021.11.10-23.58.53:303][  0]LogConfig: Applying CVar settings from Section [PostProcessQuality@3] File [C:/Users/Darkstar/Documents/Scool Files/AI Class/UNREAL STUFF/WEEK 11/GAME2303_sPaskin_week11Assignment/hideAndSeekSenpai/Saved/Config/Windows/Scalability.ini]
[2021.11.10-23.58.53:303][  0]LogConfig: Setting CVar [[r.MotionBlurQuality:4]]
[2021.11.10-23.58.53:303][  0]LogConfig: Setting CVar [[r.AmbientOcclusionMipLevelFactor:0.4]]
[2021.11.10-23.58.53:303][  0]LogConfig: Setting CVar [[r.AmbientOcclusionMaxQuality:100]]
[2021.11.10-23.58.53:303][  0]LogConfig: Setting CVar [[r.AmbientOcclusionLevels:-1]]
[2021.11.10-23.58.53:303][  0]LogConfig: Setting CVar [[r.AmbientOcclusionRadiusScale:1.0]]
[2021.11.10-23.58.53:303][  0]LogConfig: Setting CVar [[r.DepthOfFieldQuality:2]]
[2021.11.10-23.58.53:304][  0]LogConfig: Setting CVar [[r.RenderTargetPoolMin:400]]
[2021.11.10-23.58.53:304][  0]LogConfig: Setting CVar [[r.LensFlareQuality:2]]
[2021.11.10-23.58.53:304][  0]LogConfig: Setting CVar [[r.SceneColorFringeQuality:1]]
[2021.11.10-23.58.53:304][  0]LogConfig: Setting CVar [[r.EyeAdaptationQuality:2]]
[2021.11.10-23.58.53:304][  0]LogConfig: Setting CVar [[r.BloomQuality:5]]
[2021.11.10-23.58.53:304][  0]LogConfig: Setting CVar [[r.FastBlurThreshold:100]]
[2021.11.10-23.58.53:304][  0]LogConfig: Setting CVar [[r.Upscale.Quality:3]]
[2021.11.10-23.58.53:304][  0]LogConfig: Setting CVar [[r.Tonemapper.GrainQuantization:1]]
[2021.11.10-23.58.53:304][  0]LogConfig: Setting CVar [[r.LightShaftQuality:1]]
[2021.11.10-23.58.53:304][  0]LogConfig: Setting CVar [[r.Filter.SizeScale:1]]
[2021.11.10-23.58.53:304][  0]LogConfig: Setting CVar [[r.Tonemapper.Quality:5]]
[2021.11.10-23.58.53:304][  0]LogConfig: Setting CVar [[r.DOF.Gather.AccumulatorQuality:1        ; higher gathering accumulator quality]]
[2021.11.10-23.58.53:304][  0]LogConfig: Setting CVar [[r.DOF.Gather.PostfilterMethod:1          ; Median3x3 postfilering method]]
[2021.11.10-23.58.53:304][  0]LogConfig: Setting CVar [[r.DOF.Gather.EnableBokehSettings:0       ; no bokeh simulation when gathering]]
[2021.11.10-23.58.53:304][  0]LogConfig: Setting CVar [[r.DOF.Gather.RingCount:4                 ; medium number of samples when gathering]]
[2021.11.10-23.58.53:304][  0]LogConfig: Setting CVar [[r.DOF.Scatter.ForegroundCompositing:1    ; additive foreground scattering]]
[2021.11.10-23.58.53:304][  0]LogConfig: Setting CVar [[r.DOF.Scatter.BackgroundCompositing:2    ; additive background scattering]]
[2021.11.10-23.58.53:304][  0]LogConfig: Setting CVar [[r.DOF.Scatter.EnableBokehSettings:1      ; bokeh simulation when scattering]]
[2021.11.10-23.58.53:304][  0]LogConfig: Setting CVar [[r.DOF.Scatter.MaxSpriteRatio:0.1         ; only a maximum of 10% of scattered bokeh]]
[2021.11.10-23.58.53:304][  0]LogConfig: Setting CVar [[r.DOF.Recombine.Quality:1                ; cheap slight out of focus]]
[2021.11.10-23.58.53:304][  0]LogConfig: Setting CVar [[r.DOF.Recombine.EnableBokehSettings:0    ; no bokeh simulation on slight out of focus]]
[2021.11.10-23.58.53:304][  0]LogConfig: Setting CVar [[r.DOF.TemporalAAQuality:1                ; more stable temporal accumulation]]
[2021.11.10-23.58.53:304][  0]LogConfig: Setting CVar [[r.DOF.Kernel.MaxForegroundRadius:0.025]]
[2021.11.10-23.58.53:304][  0]LogConfig: Setting CVar [[r.DOF.Kernel.MaxBackgroundRadius:0.025]]
[2021.11.10-23.58.53:304][  0]LogConfig: Applying CVar settings from Section [TextureQuality@3] File [C:/Users/Darkstar/Documents/Scool Files/AI Class/UNREAL STUFF/WEEK 11/GAME2303_sPaskin_week11Assignment/hideAndSeekSenpai/Saved/Config/Windows/Scalability.ini]
[2021.11.10-23.58.53:304][  0]LogConfig: Setting CVar [[r.Streaming.MipBias:0]]
[2021.11.10-23.58.53:304][  0]LogConfig: Setting CVar [[r.Streaming.AmortizeCPUToGPUCopy:0]]
[2021.11.10-23.58.53:304][  0]LogConfig: Setting CVar [[r.Streaming.MaxNumTexturesToStreamPerFrame:0]]
[2021.11.10-23.58.53:304][  0]LogConfig: Setting CVar [[r.Streaming.Boost:1]]
[2021.11.10-23.58.53:304][  0]LogConfig: Setting CVar [[r.MaxAnisotropy:8]]
[2021.11.10-23.58.53:304][  0]LogConfig: Setting CVar [[r.VT.MaxAnisotropy:8]]
[2021.11.10-23.58.53:304][  0]LogConfig: Setting CVar [[r.Streaming.LimitPoolSizeToVRAM:0]]
[2021.11.10-23.58.53:304][  0]LogConfig: Setting CVar [[r.Streaming.PoolSize:1000]]
[2021.11.10-23.58.53:304][  0]LogConfig: Setting CVar [[r.Streaming.MaxEffectiveScreenSize:0]]
[2021.11.10-23.58.53:304][  0]LogConfig: Applying CVar settings from Section [EffectsQuality@3] File [C:/Users/Darkstar/Documents/Scool Files/AI Class/UNREAL STUFF/WEEK 11/GAME2303_sPaskin_week11Assignment/hideAndSeekSenpai/Saved/Config/Windows/Scalability.ini]
[2021.11.10-23.58.53:304][  0]LogConfig: Setting CVar [[r.TranslucencyLightingVolumeDim:64]]
[2021.11.10-23.58.53:304][  0]LogConfig: Setting CVar [[r.RefractionQuality:2]]
[2021.11.10-23.58.53:304][  0]LogConfig: Setting CVar [[r.SSR.Quality:3]]
[2021.11.10-23.58.53:304][  0]LogConfig: Setting CVar [[r.SSR.HalfResSceneColor:0]]
[2021.11.10-23.58.53:304][  0]LogConfig: Setting CVar [[r.SceneColorFormat:4]]
[2021.11.10-23.58.53:304][  0]LogConfig: Setting CVar [[r.DetailMode:2]]
[2021.11.10-23.58.53:304][  0]LogConfig: Setting CVar [[r.TranslucencyVolumeBlur:1]]
[2021.11.10-23.58.53:304][  0]LogConfig: Setting CVar [[r.MaterialQualityLevel:1 ; High quality]]
[2021.11.10-23.58.53:304][  0]LogConfig: Setting CVar [[r.AnisotropicMaterials:1]]
[2021.11.10-23.58.53:304][  0]LogConfig: Setting CVar [[r.SSS.Scale:1]]
[2021.11.10-23.58.53:304][  0]LogConfig: Setting CVar [[r.SSS.SampleSet:2]]
[2021.11.10-23.58.53:304][  0]LogConfig: Setting CVar [[r.SSS.Quality:1]]
[2021.11.10-23.58.53:304][  0]LogConfig: Setting CVar [[r.SSS.HalfRes:0]]
[2021.11.10-23.58.53:304][  0]LogConfig: Setting CVar [[r.SSGI.Quality:3]]
[2021.11.10-23.58.53:304][  0]LogConfig: Setting CVar [[r.EmitterSpawnRateScale:1.0]]
[2021.11.10-23.58.53:304][  0]LogConfig: Setting CVar [[r.ParticleLightQuality:2]]
[2021.11.10-23.58.53:304][  0]LogConfig: Setting CVar [[r.SkyAtmosphere.AerialPerspectiveLUT.FastApplyOnOpaque:1 ; Always have FastSkyLUT 1 in this case to avoid wrong sky]]
[2021.11.10-23.58.53:304][  0]LogConfig: Setting CVar [[r.SkyAtmosphere.AerialPerspectiveLUT.SampleCountMaxPerSlice:4]]
[2021.11.10-23.58.53:304][  0]LogConfig: Setting CVar [[r.SkyAtmosphere.AerialPerspectiveLUT.DepthResolution:16.0]]
[2021.11.10-23.58.53:304][  0]LogConfig: Setting CVar [[r.SkyAtmosphere.FastSkyLUT:1]]
[2021.11.10-23.58.53:304][  0]LogConfig: Setting CVar [[r.SkyAtmosphere.FastSkyLUT.SampleCountMin:4.0]]
[2021.11.10-23.58.53:304][  0]LogConfig: Setting CVar [[r.SkyAtmosphere.FastSkyLUT.SampleCountMax:128.0]]
[2021.11.10-23.58.53:304][  0]LogConfig: Setting CVar [[r.SkyAtmosphere.SampleCountMin:4.0]]
[2021.11.10-23.58.53:304][  0]LogConfig: Setting CVar [[r.SkyAtmosphere.SampleCountMax:128.0]]
[2021.11.10-23.58.53:304][  0]LogConfig: Setting CVar [[r.SkyAtmosphere.TransmittanceLUT.UseSmallFormat:0]]
[2021.11.10-23.58.53:304][  0]LogConfig: Setting CVar [[r.SkyAtmosphere.TransmittanceLUT.SampleCount:10.0]]
[2021.11.10-23.58.53:304][  0]LogConfig: Setting CVar [[r.SkyAtmosphere.MultiScatteringLUT.SampleCount:15.0]]
[2021.11.10-23.58.53:304][  0]LogConfig: Setting CVar [[r.SkyLight.RealTimeReflectionCapture:1]]
[2021.11.10-23.58.53:305][  0]LogConfig: Applying CVar settings from Section [FoliageQuality@3] File [C:/Users/Darkstar/Documents/Scool Files/AI Class/UNREAL STUFF/WEEK 11/GAME2303_sPaskin_week11Assignment/hideAndSeekSenpai/Saved/Config/Windows/Scalability.ini]
[2021.11.10-23.58.53:305][  0]LogConfig: Setting CVar [[foliage.DensityScale:1.0]]
[2021.11.10-23.58.53:305][  0]LogConfig: Setting CVar [[grass.DensityScale:1.0]]
[2021.11.10-23.58.53:305][  0]LogConfig: Applying CVar settings from Section [ShadingQuality@3] File [C:/Users/Darkstar/Documents/Scool Files/AI Class/UNREAL STUFF/WEEK 11/GAME2303_sPaskin_week11Assignment/hideAndSeekSenpai/Saved/Config/Windows/Scalability.ini]
[2021.11.10-23.58.53:305][  0]LogConfig: Setting CVar [[r.HairStrands.SkyLighting.IntegrationType:2]]
[2021.11.10-23.58.53:305][  0]LogConfig: Setting CVar [[r.HairStrands.SkyAO.SampleCount:4]]
[2021.11.10-23.58.53:305][  0]LogConfig: Setting CVar [[r.HairStrands.Visibility.MSAA.SamplePerPixel:4]]
[2021.11.10-23.58.53:305][  0]LogInit: Selected Device Profile: [Windows]
[2021.11.10-23.58.53:305][  0]LogInit: Applying CVar settings loaded from the selected device profile: [Windows]
[2021.11.10-23.58.53:305][  0]LogHAL: Display: Platform has ~ 12 GB [12837257216 / 17179869184 / 12], which maps to Larger [LargestMinGB=32, LargerMinGB=12, DefaultMinGB=8, SmallerMinGB=6, SmallestMinGB=0)
[2021.11.10-23.58.53:305][  0]LogInit: Going up to parent DeviceProfile []
[2021.11.10-23.58.53:305][  0]LogConfig: Applying CVar settings from Section [ViewDistanceQuality@3] File [C:/Users/Darkstar/Documents/Scool Files/AI Class/UNREAL STUFF/WEEK 11/GAME2303_sPaskin_week11Assignment/hideAndSeekSenpai/Saved/Config/Windows/Scalability.ini]
[2021.11.10-23.58.53:305][  0]LogConfig: Setting CVar [[r.SkeletalMeshLODBias:0]]
[2021.11.10-23.58.53:305][  0]LogConfig: Setting CVar [[r.ViewDistanceScale:1.0]]
[2021.11.10-23.58.53:305][  0]LogConfig: Applying CVar settings from Section [AntiAliasingQuality@3] File [C:/Users/Darkstar/Documents/Scool Files/AI Class/UNREAL STUFF/WEEK 11/GAME2303_sPaskin_week11Assignment/hideAndSeekSenpai/Saved/Config/Windows/Scalability.ini]
[2021.11.10-23.58.53:305][  0]LogConfig: Setting CVar [[r.PostProcessAAQuality:4]]
[2021.11.10-23.58.53:305][  0]LogConfig: Applying CVar settings from Section [ShadowQuality@3] File [C:/Users/Darkstar/Documents/Scool Files/AI Class/UNREAL STUFF/WEEK 11/GAME2303_sPaskin_week11Assignment/hideAndSeekSenpai/Saved/Config/Windows/Scalability.ini]
[2021.11.10-23.58.53:305][  0]LogConfig: Setting CVar [[r.LightFunctionQuality:1]]
[2021.11.10-23.58.53:305][  0]LogConfig: Setting CVar [[r.ShadowQuality:5]]
[2021.11.10-23.58.53:305][  0]LogConfig: Setting CVar [[r.Shadow.CSM.MaxCascades:10]]
[2021.11.10-23.58.53:305][  0]LogConfig: Setting CVar [[r.Shadow.MaxResolution:2048]]
[2021.11.10-23.58.53:305][  0]LogConfig: Setting CVar [[r.Shadow.MaxCSMResolution:2048]]
[2021.11.10-23.58.53:305][  0]LogConfig: Setting CVar [[r.Shadow.RadiusThreshold:0.01]]
[2021.11.10-23.58.53:305][  0]LogConfig: Setting CVar [[r.Shadow.DistanceScale:1.0]]
[2021.11.10-23.58.53:305][  0]LogConfig: Setting CVar [[r.Shadow.CSM.TransitionScale:1.0]]
[2021.11.10-23.58.53:305][  0]LogConfig: Setting CVar [[r.Shadow.PreShadowResolutionFactor:1.0]]
[2021.11.10-23.58.53:305][  0]LogConfig: Setting CVar [[r.DistanceFieldShadowing:1]]
[2021.11.10-23.58.53:305][  0]LogConfig: Setting CVar [[r.DistanceFieldAO:1]]
[2021.11.10-23.58.53:305][  0]LogConfig: Setting CVar [[r.AOQuality:2]]
[2021.11.10-23.58.53:305][  0]LogConfig: Setting CVar [[r.VolumetricFog:1]]
[2021.11.10-23.58.53:305][  0]LogConfig: Setting CVar [[r.VolumetricFog.GridPixelSize:8]]
[2021.11.10-23.58.53:305][  0]LogConfig: Setting CVar [[r.VolumetricFog.GridSizeZ:128]]
[2021.11.10-23.58.53:305][  0]LogConfig: Setting CVar [[r.VolumetricFog.HistoryMissSupersampleCount:4]]
[2021.11.10-23.58.53:305][  0]LogConfig: Setting CVar [[r.LightMaxDrawDistanceScale:1]]
[2021.11.10-23.58.53:305][  0]LogConfig: Setting CVar [[r.CapsuleShadows:1]]
[2021.11.10-23.58.53:305][  0]LogConfig: Applying CVar settings from Section [PostProcessQuality@3] File [C:/Users/Darkstar/Documents/Scool Files/AI Class/UNREAL STUFF/WEEK 11/GAME2303_sPaskin_week11Assignment/hideAndSeekSenpai/Saved/Config/Windows/Scalability.ini]
[2021.11.10-23.58.53:305][  0]LogConfig: Setting CVar [[r.MotionBlurQuality:4]]
[2021.11.10-23.58.53:305][  0]LogConfig: Setting CVar [[r.AmbientOcclusionMipLevelFactor:0.4]]
[2021.11.10-23.58.53:305][  0]LogConfig: Setting CVar [[r.AmbientOcclusionMaxQuality:100]]
[2021.11.10-23.58.53:305][  0]LogConfig: Setting CVar [[r.AmbientOcclusionLevels:-1]]
[2021.11.10-23.58.53:305][  0]LogConfig: Setting CVar [[r.AmbientOcclusionRadiusScale:1.0]]
[2021.11.10-23.58.53:305][  0]LogConfig: Setting CVar [[r.DepthOfFieldQuality:2]]
[2021.11.10-23.58.53:305][  0]LogConfig: Setting CVar [[r.RenderTargetPoolMin:400]]
[2021.11.10-23.58.53:305][  0]LogConfig: Setting CVar [[r.LensFlareQuality:2]]
[2021.11.10-23.58.53:305][  0]LogConfig: Setting CVar [[r.SceneColorFringeQuality:1]]
[2021.11.10-23.58.53:305][  0]LogConfig: Setting CVar [[r.EyeAdaptationQuality:2]]
[2021.11.10-23.58.53:305][  0]LogConfig: Setting CVar [[r.BloomQuality:5]]
[2021.11.10-23.58.53:305][  0]LogConfig: Setting CVar [[r.FastBlurThreshold:100]]
[2021.11.10-23.58.53:305][  0]LogConfig: Setting CVar [[r.Upscale.Quality:3]]
[2021.11.10-23.58.53:305][  0]LogConfig: Setting CVar [[r.Tonemapper.GrainQuantization:1]]
[2021.11.10-23.58.53:305][  0]LogConfig: Setting CVar [[r.LightShaftQuality:1]]
[2021.11.10-23.58.53:305][  0]LogConfig: Setting CVar [[r.Filter.SizeScale:1]]
[2021.11.10-23.58.53:305][  0]LogConfig: Setting CVar [[r.Tonemapper.Quality:5]]
[2021.11.10-23.58.53:305][  0]LogConfig: Setting CVar [[r.DOF.Gather.AccumulatorQuality:1        ; higher gathering accumulator quality]]
[2021.11.10-23.58.53:305][  0]LogConfig: Setting CVar [[r.DOF.Gather.PostfilterMethod:1          ; Median3x3 postfilering method]]
[2021.11.10-23.58.53:306][  0]LogConfig: Setting CVar [[r.DOF.Gather.EnableBokehSettings:0       ; no bokeh simulation when gathering]]
[2021.11.10-23.58.53:306][  0]LogConfig: Setting CVar [[r.DOF.Gather.RingCount:4                 ; medium number of samples when gathering]]
[2021.11.10-23.58.53:306][  0]LogConfig: Setting CVar [[r.DOF.Scatter.ForegroundCompositing:1    ; additive foreground scattering]]
[2021.11.10-23.58.53:306][  0]LogConfig: Setting CVar [[r.DOF.Scatter.BackgroundCompositing:2    ; additive background scattering]]
[2021.11.10-23.58.53:306][  0]LogConfig: Setting CVar [[r.DOF.Scatter.EnableBokehSettings:1      ; bokeh simulation when scattering]]
[2021.11.10-23.58.53:306][  0]LogConfig: Setting CVar [[r.DOF.Scatter.MaxSpriteRatio:0.1         ; only a maximum of 10% of scattered bokeh]]
[2021.11.10-23.58.53:306][  0]LogConfig: Setting CVar [[r.DOF.Recombine.Quality:1                ; cheap slight out of focus]]
[2021.11.10-23.58.53:306][  0]LogConfig: Setting CVar [[r.DOF.Recombine.EnableBokehSettings:0    ; no bokeh simulation on slight out of focus]]
[2021.11.10-23.58.53:306][  0]LogConfig: Setting CVar [[r.DOF.TemporalAAQuality:1                ; more stable temporal accumulation]]
[2021.11.10-23.58.53:306][  0]LogConfig: Setting CVar [[r.DOF.Kernel.MaxForegroundRadius:0.025]]
[2021.11.10-23.58.53:306][  0]LogConfig: Setting CVar [[r.DOF.Kernel.MaxBackgroundRadius:0.025]]
[2021.11.10-23.58.53:306][  0]LogConfig: Applying CVar settings from Section [TextureQuality@3] File [C:/Users/Darkstar/Documents/Scool Files/AI Class/UNREAL STUFF/WEEK 11/GAME2303_sPaskin_week11Assignment/hideAndSeekSenpai/Saved/Config/Windows/Scalability.ini]
[2021.11.10-23.58.53:306][  0]LogConfig: Setting CVar [[r.Streaming.MipBias:0]]
[2021.11.10-23.58.53:306][  0]LogConfig: Setting CVar [[r.Streaming.AmortizeCPUToGPUCopy:0]]
[2021.11.10-23.58.53:306][  0]LogConfig: Setting CVar [[r.Streaming.MaxNumTexturesToStreamPerFrame:0]]
[2021.11.10-23.58.53:306][  0]LogConfig: Setting CVar [[r.Streaming.Boost:1]]
[2021.11.10-23.58.53:306][  0]LogConfig: Setting CVar [[r.MaxAnisotropy:8]]
[2021.11.10-23.58.53:306][  0]LogConfig: Setting CVar [[r.VT.MaxAnisotropy:8]]
[2021.11.10-23.58.53:306][  0]LogConfig: Setting CVar [[r.Streaming.LimitPoolSizeToVRAM:0]]
[2021.11.10-23.58.53:306][  0]LogConfig: Setting CVar [[r.Streaming.PoolSize:1000]]
[2021.11.10-23.58.53:306][  0]LogConfig: Setting CVar [[r.Streaming.MaxEffectiveScreenSize:0]]
[2021.11.10-23.58.53:306][  0]LogConfig: Applying CVar settings from Section [EffectsQuality@3] File [C:/Users/Darkstar/Documents/Scool Files/AI Class/UNREAL STUFF/WEEK 11/GAME2303_sPaskin_week11Assignment/hideAndSeekSenpai/Saved/Config/Windows/Scalability.ini]
[2021.11.10-23.58.53:306][  0]LogConfig: Setting CVar [[r.TranslucencyLightingVolumeDim:64]]
[2021.11.10-23.58.53:306][  0]LogConfig: Setting CVar [[r.RefractionQuality:2]]
[2021.11.10-23.58.53:306][  0]LogConfig: Setting CVar [[r.SSR.Quality:3]]
[2021.11.10-23.58.53:306][  0]LogConfig: Setting CVar [[r.SSR.HalfResSceneColor:0]]
[2021.11.10-23.58.53:306][  0]LogConfig: Setting CVar [[r.SceneColorFormat:4]]
[2021.11.10-23.58.53:306][  0]LogConfig: Setting CVar [[r.DetailMode:2]]
[2021.11.10-23.58.53:306][  0]LogConfig: Setting CVar [[r.TranslucencyVolumeBlur:1]]
[2021.11.10-23.58.53:306][  0]LogConfig: Setting CVar [[r.MaterialQualityLevel:1 ; High quality]]
[2021.11.10-23.58.53:306][  0]LogConfig: Setting CVar [[r.AnisotropicMaterials:1]]
[2021.11.10-23.58.53:306][  0]LogConfig: Setting CVar [[r.SSS.Scale:1]]
[2021.11.10-23.58.53:306][  0]LogConfig: Setting CVar [[r.SSS.SampleSet:2]]
[2021.11.10-23.58.53:306][  0]LogConfig: Setting CVar [[r.SSS.Quality:1]]
[2021.11.10-23.58.53:306][  0]LogConfig: Setting CVar [[r.SSS.HalfRes:0]]
[2021.11.10-23.58.53:306][  0]LogConfig: Setting CVar [[r.SSGI.Quality:3]]
[2021.11.10-23.58.53:306][  0]LogConfig: Setting CVar [[r.EmitterSpawnRateScale:1.0]]
[2021.11.10-23.58.53:306][  0]LogConfig: Setting CVar [[r.ParticleLightQuality:2]]
[2021.11.10-23.58.53:306][  0]LogConfig: Setting CVar [[r.SkyAtmosphere.AerialPerspectiveLUT.FastApplyOnOpaque:1 ; Always have FastSkyLUT 1 in this case to avoid wrong sky]]
[2021.11.10-23.58.53:306][  0]LogConfig: Setting CVar [[r.SkyAtmosphere.AerialPerspectiveLUT.SampleCountMaxPerSlice:4]]
[2021.11.10-23.58.53:306][  0]LogConfig: Setting CVar [[r.SkyAtmosphere.AerialPerspectiveLUT.DepthResolution:16.0]]
[2021.11.10-23.58.53:306][  0]LogConfig: Setting CVar [[r.SkyAtmosphere.FastSkyLUT:1]]
[2021.11.10-23.58.53:306][  0]LogConfig: Setting CVar [[r.SkyAtmosphere.FastSkyLUT.SampleCountMin:4.0]]
[2021.11.10-23.58.53:306][  0]LogConfig: Setting CVar [[r.SkyAtmosphere.FastSkyLUT.SampleCountMax:128.0]]
[2021.11.10-23.58.53:306][  0]LogConfig: Setting CVar [[r.SkyAtmosphere.SampleCountMin:4.0]]
[2021.11.10-23.58.53:306][  0]LogConfig: Setting CVar [[r.SkyAtmosphere.SampleCountMax:128.0]]
[2021.11.10-23.58.53:306][  0]LogConfig: Setting CVar [[r.SkyAtmosphere.TransmittanceLUT.UseSmallFormat:0]]
[2021.11.10-23.58.53:306][  0]LogConfig: Setting CVar [[r.SkyAtmosphere.TransmittanceLUT.SampleCount:10.0]]
[2021.11.10-23.58.53:306][  0]LogConfig: Setting CVar [[r.SkyAtmosphere.MultiScatteringLUT.SampleCount:15.0]]
[2021.11.10-23.58.53:306][  0]LogConfig: Setting CVar [[r.SkyLight.RealTimeReflectionCapture:1]]
[2021.11.10-23.58.53:306][  0]LogConfig: Applying CVar settings from Section [FoliageQuality@3] File [C:/Users/Darkstar/Documents/Scool Files/AI Class/UNREAL STUFF/WEEK 11/GAME2303_sPaskin_week11Assignment/hideAndSeekSenpai/Saved/Config/Windows/Scalability.ini]
[2021.11.10-23.58.53:306][  0]LogConfig: Setting CVar [[foliage.DensityScale:1.0]]
[2021.11.10-23.58.53:306][  0]LogConfig: Setting CVar [[grass.DensityScale:1.0]]
[2021.11.10-23.58.53:306][  0]LogConfig: Applying CVar settings from Section [ShadingQuality@3] File [C:/Users/Darkstar/Documents/Scool Files/AI Class/UNREAL STUFF/WEEK 11/GAME2303_sPaskin_week11Assignment/hideAndSeekSenpai/Saved/Config/Windows/Scalability.ini]
[2021.11.10-23.58.53:306][  0]LogConfig: Setting CVar [[r.HairStrands.SkyLighting.IntegrationType:2]]
[2021.11.10-23.58.53:306][  0]LogConfig: Setting CVar [[r.HairStrands.SkyAO.SampleCount:4]]
[2021.11.10-23.58.53:306][  0]LogConfig: Setting CVar [[r.HairStrands.Visibility.MSAA.SamplePerPixel:4]]
[2021.11.10-23.58.53:306][  0]LogConfig: Applying CVar settings from Section [Startup] File [../../../Engine/Config/ConsoleVariables.ini]
[2021.11.10-23.58.53:307][  0]LogConfig: Setting CVar [[net.UseAdaptiveNetUpdateFrequency:0]]
[2021.11.10-23.58.53:307][  0]LogConfig: Setting CVar [[p.chaos.AllowCreatePhysxBodies:1]]
[2021.11.10-23.58.53:307][  0]LogConfig: Setting CVar [[fx.SkipVectorVMBackendOptimizations:1]]
[2021.11.10-23.58.53:307][  0]LogConfig: Applying CVar settings from Section [ConsoleVariables] File [C:/Users/Darkstar/Documents/Scool Files/AI Class/UNREAL STUFF/WEEK 11/GAME2303_sPaskin_week11Assignment/hideAndSeekSenpai/Saved/Config/Windows/Engine.ini]
[2021.11.10-23.58.53:307][  0]LogConfig: Applying CVar settings from Section [ConsoleVariables] File [C:/Users/Darkstar/Documents/Scool Files/AI Class/UNREAL STUFF/WEEK 11/GAME2303_sPaskin_week11Assignment/hideAndSeekSenpai/Saved/Config/Windows/Editor.ini]
[2021.11.10-23.58.53:307][  0]LogInit: Computer: DARKMACHINE
[2021.11.10-23.58.53:307][  0]LogInit: User: Darkstar
[2021.11.10-23.58.53:307][  0]LogInit: CPU Page size=4096, Cores=4
[2021.11.10-23.58.53:307][  0]LogInit: High frequency timer resolution =10.000000 MHz
[2021.11.10-23.58.53:307][  0]LogMemory: Memory total: Physical=12.0GB (12GB approx)
[2021.11.10-23.58.53:307][  0]LogMemory: Platform Memory Stats for Windows
[2021.11.10-23.58.53:307][  0]LogMemory: Process Physical Memory: 143.75 MB used, 143.75 MB peak
[2021.11.10-23.58.53:307][  0]LogMemory: Process Virtual Memory: 130.18 MB used, 130.18 MB peak
[2021.11.10-23.58.53:307][  0]LogMemory: Physical Memory: 7422.89 MB used,  4819.67 MB free, 12242.56 MB total
[2021.11.10-23.58.53:307][  0]LogMemory: Virtual Memory: 134214104.00 MB used,  3624.23 MB free, 134217728.00 MB total
[2021.11.10-23.58.53:314][  0]LogWindows: WindowsPlatformFeatures enabled
[2021.11.10-23.58.53:396][  0]LogInit: Physics initialised using underlying interface: PhysX
[2021.11.10-23.58.53:398][  0]LogInit: Using OS detected language (en-US).
[2021.11.10-23.58.53:398][  0]LogInit: Using OS detected locale (en-US).
[2021.11.10-23.58.53:401][  0]LogTextLocalizationManager: No specific localization for 'en-US' exists, so the 'en' localization will be used.
[2021.11.10-23.58.53:837][  0]LogInit: Setting process to per monitor DPI aware
[2021.11.10-23.58.53:855][  0]LogWindowsTextInputMethodSystem: Display: IME system deactivated.
[2021.11.10-23.58.53:875][  0]LogSlate: New Slate User Created.  User Index 0, Is Virtual User: 0
[2021.11.10-23.58.53:875][  0]LogSlate: Slate User Registered.  User Index 0, Is Virtual User: 0
[2021.11.10-23.58.54:392][  0]LogD3D11RHI: Loaded GFSDK_Aftermath_Lib.x64.dll
[2021.11.10-23.58.54:396][  0]LogHMD: Failed to initialize OpenVR with code 110
[2021.11.10-23.58.54:396][  0]LogD3D11RHI: D3D11 min allowed feature level: 11_0
[2021.11.10-23.58.54:396][  0]LogD3D11RHI: D3D11 max allowed feature level: 11_0
[2021.11.10-23.58.54:396][  0]LogD3D11RHI: D3D11 adapters:
[2021.11.10-23.58.54:557][  0]LogD3D11RHI:    0. 'NVIDIA GeForce GTX 1650' (Feature Level 11_0)
[2021.11.10-23.58.54:557][  0]LogD3D11RHI:       3962/0/6121 MB DedicatedVideo/DedicatedSystem/SharedSystem, Outputs:1, VendorId:0x10de
[2021.11.10-23.58.54:561][  0]LogD3D11RHI:    1. 'Microsoft Basic Render Driver' (Feature Level 11_0)
[2021.11.10-23.58.54:561][  0]LogD3D11RHI:       0/0/6121 MB DedicatedVideo/DedicatedSystem/SharedSystem, Outputs:0, VendorId:0x1414
[2021.11.10-23.58.54:561][  0]LogD3D11RHI: Chosen D3D11 Adapter: 0
[2021.11.10-23.58.54:568][  0]LogD3D11RHI: Creating new Direct3DDevice
[2021.11.10-23.58.54:569][  0]LogD3D11RHI:     GPU DeviceId: 0x1f82 (for the marketing name, search the web for "GPU Device Id")
[2021.11.10-23.58.54:569][  0]LogWindows: EnumDisplayDevices:
[2021.11.10-23.58.54:569][  0]LogWindows:    0. 'NVIDIA GeForce GTX 1650' (P:1 D:1)
[2021.11.10-23.58.54:569][  0]LogWindows:    1. 'NVIDIA GeForce GTX 1650' (P:0 D:0)
[2021.11.10-23.58.54:569][  0]LogWindows: DebugString: FoundDriverCount:2 
[2021.11.10-23.58.54:569][  0]LogD3D11RHI:     Adapter Name: NVIDIA GeForce GTX 1650
[2021.11.10-23.58.54:569][  0]LogD3D11RHI:   Driver Version: 496.49 (internal:30.0.14.9649, unified:496.49)
[2021.11.10-23.58.54:569][  0]LogD3D11RHI:      Driver Date: 10-20-2021
[2021.11.10-23.58.54:569][  0]LogRHI: Texture pool is 2773 MB (70% of 3962 MB)
[2021.11.10-23.58.54:659][  0]LogD3D11RHI: RHI has support for 64 bit atomics
[2021.11.10-23.58.54:659][  0]LogD3D11RHI: Async texture creation enabled
[2021.11.10-23.58.54:659][  0]LogD3D11RHI: Array index from any shader is supported
[2021.11.10-23.58.54:688][  0]LogD3D11RHI: GPU Timing Frequency: 1000.000000 (Debug: 2 1)
[2021.11.10-23.58.54:782][  0]LogRHI: GeForceNow SDK initialized: 1
[2021.11.10-23.58.55:283][  0]LogTargetPlatformManager: Display: Loaded TargetPlatform 'AllDesktop'
[2021.11.10-23.58.55:312][  0]LogTargetPlatformManager: Display: Loaded TargetPlatform 'Android'
[2021.11.10-23.58.55:313][  0]LogTargetPlatformManager: Display: Loaded TargetPlatform 'Android_ASTC'
[2021.11.10-23.58.55:313][  0]LogTargetPlatformManager: Display: Loaded TargetPlatform 'Android_DXT'
[2021.11.10-23.58.55:313][  0]LogTargetPlatformManager: Display: Loaded TargetPlatform 'Android_ETC2'
[2021.11.10-23.58.55:313][  0]LogTargetPlatformManager: Display: Loaded TargetPlatform 'AndroidClient'
[2021.11.10-23.58.55:313][  0]LogTargetPlatformManager: Display: Loaded TargetPlatform 'Android_ASTCClient'
[2021.11.10-23.58.55:313][  0]LogTargetPlatformManager: Display: Loaded TargetPlatform 'Android_DXTClient'
[2021.11.10-23.58.55:313][  0]LogTargetPlatformManager: Display: Loaded TargetPlatform 'Android_ETC2Client'
[2021.11.10-23.58.55:313][  0]LogTargetPlatformManager: Display: Loaded TargetPlatform 'Android_Multi'
[2021.11.10-23.58.55:313][  0]LogTargetPlatformManager: Display: Loaded TargetPlatform 'Android_MultiClient'
[2021.11.10-23.58.55:339][  0]LogTargetPlatformManager: Display: Loaded TargetPlatform 'IOSClient'
[2021.11.10-23.58.55:339][  0]LogTargetPlatformManager: Display: Loaded TargetPlatform 'IOS'
[2021.11.10-23.58.55:367][  0]LogTargetPlatformManager: Display: Loaded TargetPlatform 'Linux'
[2021.11.10-23.58.55:378][  0]LogTargetPlatformManager: Display: Loaded TargetPlatform 'LinuxNoEditor'
[2021.11.10-23.58.55:390][  0]LogTargetPlatformManager: Display: Loaded TargetPlatform 'LinuxClient'
[2021.11.10-23.58.55:398][  0]LogTargetPlatformManager: Display: Loaded TargetPlatform 'LinuxServer'
[2021.11.10-23.58.55:416][  0]LogTargetPlatformManager: Display: Loaded TargetPlatform 'LinuxAArch64NoEditor'
[2021.11.10-23.58.55:422][  0]LogTargetPlatformManager: Display: Loaded TargetPlatform 'LinuxAArch64Client'
[2021.11.10-23.58.55:428][  0]LogTargetPlatformManager: Display: Loaded TargetPlatform 'LinuxAArch64Server'
[2021.11.10-23.58.55:464][  0]LogTargetPlatformManager: Display: Loaded TargetPlatform 'Lumin'
[2021.11.10-23.58.55:464][  0]LogTargetPlatformManager: Display: Loaded TargetPlatform 'LuminClient'
[2021.11.10-23.58.55:487][  0]LogTargetPlatformManager: Display: Loaded TargetPlatform 'MacNoEditor'
[2021.11.10-23.58.55:503][  0]LogTargetPlatformManager: Display: Loaded TargetPlatform 'Mac'
[2021.11.10-23.58.55:514][  0]LogTargetPlatformManager: Display: Loaded TargetPlatform 'MacClient'
[2021.11.10-23.58.55:523][  0]LogTargetPlatformManager: Display: Loaded TargetPlatform 'MacServer'
[2021.11.10-23.58.55:537][  0]LogTargetPlatformManager: Display: Loaded TargetPlatform 'TVOSClient'
[2021.11.10-23.58.55:537][  0]LogTargetPlatformManager: Display: Loaded TargetPlatform 'TVOS'
[2021.11.10-23.58.55:554][  0]LogTargetPlatformManager: Display: Loaded TargetPlatform 'WindowsNoEditor'
[2021.11.10-23.58.55:566][  0]LogTargetPlatformManager: Display: Loaded TargetPlatform 'Windows'
[2021.11.10-23.58.55:573][  0]LogTargetPlatformManager: Display: Loaded TargetPlatform 'WindowsClient'
[2021.11.10-23.58.55:580][  0]LogTargetPlatformManager: Display: Loaded TargetPlatform 'WindowsServer'
[2021.11.10-23.58.55:580][  0]LogTargetPlatformManager: Display: Building Assets For Windows
[2021.11.10-23.58.55:593][  0]LogAudioDebug: Display: Lib vorbis DLL was dynamically loaded.
[2021.11.10-23.58.55:636][  0]LogTextureFormatOodle: Display: Oodle Texture 2.9.0 init RDO Off
[2021.11.10-23.58.55:681][  0]LogRendererCore: Ray tracing is disabled. Reason: r.RayTracing=0.
[2021.11.10-23.58.55:681][  0]LogShaderCompilers: Guid format shader working directory is -73 characters bigger than the processId version (C:/Users/Darkstar/Documents/Scool Files/AI Class/UNREAL STUFF/WEEK 11/GAME2303_sPaskin_week11Assignment/hideAndSeekSenpai/Intermediate/Shaders/WorkingDirectory/15168/).
[2021.11.10-23.58.55:682][  0]LogShaderCompilers: Cleaned the shader compiler working directory 'C:/Users/Darkstar/AppData/Local/Temp/UnrealShaderWorkingDir/FFF564F24EEF867EAFF169B65D4860BF/'.
[2021.11.10-23.58.55:682][  0]LogXGEController: Cannot use XGE Controller as Incredibuild is not installed on this machine.
[2021.11.10-23.58.55:682][  0]LogShaderCompilers: Cannot use XGE Shader Compiler as Incredibuild is not installed on this machine.
[2021.11.10-23.58.55:682][  0]LogShaderCompilers: Display: Using Local Shader Compiler.
[2021.11.10-23.58.56:823][  0]LogDerivedDataCache: Display: Max Cache Size: 512 MB
[2021.11.10-23.58.56:913][  0]LogDerivedDataCache: Loaded boot cache 0.09s 95MB C:/Users/Darkstar/AppData/Local/UnrealEngine/4.27/DerivedDataCache/Boot.ddc.
[2021.11.10-23.58.56:913][  0]LogDerivedDataCache: Display: Loaded Boot cache: C:/Users/Darkstar/AppData/Local/UnrealEngine/4.27/DerivedDataCache/Boot.ddc
[2021.11.10-23.58.56:914][  0]LogDerivedDataCache: FDerivedDataBackendGraph:  Pak pak cache file C:/Users/Darkstar/Documents/Scool Files/AI Class/UNREAL STUFF/WEEK 11/GAME2303_sPaskin_week11Assignment/hideAndSeekSenpai/DerivedDataCache/DDC.ddp not found, will not use a pak cache.
[2021.11.10-23.58.56:914][  0]LogDerivedDataCache: Unable to find inner node Pak for hierarchical cache Hierarchy.
[2021.11.10-23.58.56:914][  0]LogDerivedDataCache: FDerivedDataBackendGraph:  CompressedPak pak cache file C:/Users/Darkstar/Documents/Scool Files/AI Class/UNREAL STUFF/WEEK 11/GAME2303_sPaskin_week11Assignment/hideAndSeekSenpai/DerivedDataCache/Compressed.ddp not found, will not use a pak cache.
[2021.11.10-23.58.56:914][  0]LogDerivedDataCache: Unable to find inner node CompressedPak for hierarchical cache Hierarchy.
[2021.11.10-23.58.56:932][  0]LogDerivedDataCache: Display: Pak cache opened for reading ../../../Engine/DerivedDataCache/Compressed.ddp.
[2021.11.10-23.58.56:932][  0]LogDerivedDataCache: FDerivedDataBackendGraph:  EnterprisePak pak cache file ../../../Enterprise/DerivedDataCache/Compressed.ddp not found, will not use a pak cache.
[2021.11.10-23.58.56:932][  0]LogDerivedDataCache: Unable to find inner node EnterprisePak for hierarchical cache Hierarchy.
[2021.11.10-23.58.56:971][  0]LogDerivedDataCache: Speed tests for C:/Users/Darkstar/AppData/Local/UnrealEngine/Common/DerivedDataCache took 0.04 seconds
[2021.11.10-23.58.56:971][  0]LogDerivedDataCache: Display: Performance to C:/Users/Darkstar/AppData/Local/UnrealEngine/Common/DerivedDataCache: Latency=0.08ms. RandomReadSpeed=387.10MBs, RandomWriteSpeed=26.25MBs. Assigned SpeedClass 'Local'
[2021.11.10-23.58.56:972][  0]LogDerivedDataCache: Using Local data cache path C:/Users/Darkstar/AppData/Local/UnrealEngine/Common/DerivedDataCache: Writable
[2021.11.10-23.58.56:972][  0]LogDerivedDataCache: Shared data cache path not found in *engine.ini, will not use an Shared cache.
[2021.11.10-23.58.56:972][  0]LogDerivedDataCache: Unable to find inner node Shared for hierarchical cache Hierarchy.
[2021.11.10-23.58.57:035][  0]LogSlate: Using FreeType 2.10.0
[2021.11.10-23.58.57:036][  0]LogSlate: SlateFontServices - WITH_FREETYPE: 1, WITH_HARFBUZZ: 1
[2021.11.10-23.58.57:080][  0]LogAssetRegistry: FAssetRegistry took 0.0039 seconds to start up
[2021.11.10-23.58.57:490][  0]LogInit: Selected Device Profile: [Windows]
[2021.11.10-23.58.57:490][  0]LogInit: Active device profile: [000001778F6C2F00][00000177801FE9C0 49] Windows
[2021.11.10-23.58.57:490][  0]LogInit: Profiles: [000001778F6C2F00][00000177801FE9C0 49] Windows, [000001778F65A200][0000017780206C80 49] WindowsNoEditor, [000001778F6C2200][0000017790846F40 49] WindowsServer, [000001778F65AF00][00000177802031C0 49] WindowsClient, [000001778F6C1500][000001779033B440 49] IOS, [000001778F65BA00][0000017783099700 49] iPadAir, [000001778F6C0900][00000177887439C0 49] iPadAir2, [000001778F5EA400][00000177905BC380 49] IPadPro, [000001778F5EA500][00000177887463C0 49] iPadAir3, [000001778F65B100][0000017788758680 49] iPadAir4, [000001778F5EB300][0000017788754940 49] iPadMini2, [000001778F65A400][000001778875CC00 49] iPadMini3, [000001778F5EBF00][00000177905C0EC0 49] iPadMini4, [000001778F659500][00000177905C5180 49] iPadMini5, [000001778F61DD00][00000177905D5640 49] iPhone6, [000001778F61DE00][0000017783095680 49] iPodTouch6, [000001778F6C2D00][00000177905E1BC0 49] iPhone7, [000001778F6C2C00][00000177905D1C00 49] iPodTouch7, [000001778F5E9D00][00000177905D8340 49] iPhone5S, [000001778F6C2400][00000177905CC600 49] iPhone6Plus, [000001778F5E9600][00000177905DC8C0 49] iPhone6S, [000001778F6C3A00][00000177886D2B80 49] iPhone6SPlus, [000001778F5E9000][0000017788714E40 49] iPhone7Plus, [000001778F6C3200][0000017788719100 49] iPhoneSE, [000001778F5E8C00][000001778871D3C0 49] iPhone8, [000001778F6C0400][00000177905C9640 49] iPhone8Plus, [000001778F5E8A00][00000177FE2EF8C0 49] iPhoneX, [000001778F6C1900][00000177FE2F7B80 49] iPhoneXS, [000001778F61C400][00000177FE2FA2C0 49] iPhoneXSMax, [000001778F5EB800][00000177FE2FE580 49] iPhoneXR, [000001778F61CD00][0000017790132840 49] iPhone11, [000001778F5E8100][0000017790136B00 49] iPhone11Pro, [000001778F61D600][000001779013ADC0 49] iPhone11ProMax, [000001778F5EBE00][000001779013F080 49] iPhoneSE2, [000001778F61DC00][00000177FE2AD340 49] iPhone12Mini, [000001778F5EA900][0000017790143600 49] iPhone12, [000001778F61FB00][00000177FE2F3880 49] iPhone12Pro, [000001778F5EAB00][00000177FE303B00 49] iPhone12ProMax, [000001778F61F900][00000177905B4240 49] iPadPro105, [000001778F5EA700][00000177905B8500 49] iPadPro129, [000001778F61F800][00000177FE2B07C0 49] iPadPro97, [000001778F6C0D00][00000177FE2B4A80 49] iPadPro2_129, [000001778F61DA00][00000177FE2B8D40 49] iPad5, [000001778F6C0500][00000177FE2BD000 49] iPad6, [000001778F61F000][000001779032B2C0 49] iPad7, [000001778F6C2300][0000017790101580 49] iPad8, [000001778F61C600][000001779084B840 49] iPadPro11, [000001778F6C2800][00000177905B1AC0 49] iPadPro2_11, [000001778F61EC00][000001778020A1C0 49] iPadPro3_129, [000001778F6C0300][00000177804F2480 49] iPadPro4_129, [000001778F61D300][00000177903FC740 49] AppleTV, [000001778F6C1800][0000017790400A00 49] AppleTV4K, [000001778F61E400][0000017790404CC0 49] TVOS, [000001778F6C2600][0000017790408F80 49] Mac, [000001778F61C500][000001779040D240 49] MacClient, [000001778F6C3C00][0000017790411500 49] MacNoEditor, [000001778F61E300][00000177904157C0 49] MacServer, [000001778F6C2900][0000017790419A80 49] Linux, [000001778F61DF00][000001778393C180 49] LinuxAArch64, [000001778F6C2000][000001779041C400 49] LinuxNoEditor, [000001778F61E700][00000177FE2C06C0 49] LinuxAArch64NoEditor, [000001778F6C0E00][00000177FE2C4980 49] LinuxClient, [000001778F61D200][00000177FE2C8C40 49] LinuxAArch64Client, [000001778F6C1D00][00000177FE2CCF00 49] LinuxServer, [000001778F61D100][00000177FE2D11C0 49] LinuxAArch64Server, [000001778F6C1200][00000177FE2D5480 49] Android, [000001778F61CC00][00000177FE2D9740 49] Android_Low, [000001778F6C3100][00000177FE2DDA00 49] Android_Mid, [000001778F61F400][00000177FE2E0140 49] Android_High, [000001778F6C0C00][00000177904203C0 49] Android_Default, [000001778F61ED00][00000177FE2E4640 49] Android_Adreno4xx, [000001778F6C0B00][00000177902CA900 49] Android_Adreno5xx_Low, [000001778F61FC00][00000177902CEBC0 49] Android_Adreno5xx, [000001778F6C1C00][00000177902D2E80 49] Android_Adreno6xx, [000001778F61CF00][00000177902D7140 49] Android_Adreno6xx_Vulkan, [000001778F6C3D00][00000177902DB400 49] Android_Mali_T6xx, [000001778F61FD00][00000177902DF6C0 49] Android_Mali_T7xx, [000001778F6C3300][00000177902E3980 49] Android_Mali_T8xx, [000001778F61C200][00000177902E60C0 49] Android_Mali_G71, [000001778F6C0A00][00000177902EA380 49] Android_Mali_G72, [000001778F61F700][00000177FE2E8600 49] Android_Mali_G72_Vulkan, [000001778F6C2B00][00000177902F28C0 49] Android_Mali_G76, [000001778F61F300][00000177902F6B80 49] Android_Mali_G76_Vulkan, [000001778F6C3900][00000177902FAE40 49] Android_Mali_G77, [000001778F61C800][00000177902FF100 49] Android_Mali_G77_Vulkan, [000001778F6C0800][00000177903033C0 49] Android_Mali_G78, [000001778F61D700][0000017790153680 49] Android_Mali_G78_Vulkan, [000001778F659600][0000017790157940 49] Android_Mali_G710, [000001778F5E9400][000001779015BC00 49] Android_Mali_G710_Vulkan, [000001778F65BC00][000001779015E340 49] Android_Vulkan_SM5, [000001778F5E8500][00000177902EE5C0 49] Android_PowerVR_G6xxx, [000001778F658700][0000017790162840 49] Android_PowerVR_GT7xxx, [000001778F5E9F00][000001779016AB00 49] Android_PowerVR_GE8xxx, [000001778F658500][000001779016EDC0 49] Android_PowerVR_GM9xxx, [000001778F5EAF00][0000017790173080 49] Android_PowerVR_GM9xxx_Vulkan, [000001778F65B500][0000017790177340 49] Android_TegraK1, [000001778F5EB600][000001779017B600 49] Android_Unknown_Vulkan, [000001778F65BE00][000001779017F8C0 49] Lumin, [000001778F5E8600][0000017790183B80 49] Lumin_Desktop, [000001778F65A900][00000177901862C0 49] HoloLens, 
[2021.11.10-23.58.57:671][  0]LogMeshReduction: Using QuadricMeshReduction for automatic static mesh reduction
[2021.11.10-23.58.57:671][  0]LogMeshReduction: Using SimplygonMeshReduction for automatic skeletal mesh reduction
[2021.11.10-23.58.57:671][  0]LogMeshReduction: Using ProxyLODMeshReduction for automatic mesh merging
[2021.11.10-23.58.57:671][  0]LogMeshReduction: No distributed automatic mesh merging module available
[2021.11.10-23.58.57:671][  0]LogMeshMerging: No distributed automatic mesh merging module available
[2021.11.10-23.58.57:697][  0]LogNetVersion: hideAndSeekSenpai 1.0.0, NetCL: 17155196, EngineNetVer: 17, GameNetVer: 0 (Checksum: 3608923687)
[2021.11.10-23.58.58:433][  0]LogTexture: Default maximum texture size for cubemaps generated from long-lat sources has been changed from 512 to unlimited. In order to preserve old behaiour for '/Engine/MapTemplates/Sky/DaylightAmbientCubemap.DaylightAmbientCubemap', its maximum texture size has been explicitly set to 512.
[2021.11.10-23.58.58:542][  0]LogHMD: PokeAHoleMaterial loaded successfully
[2021.11.10-23.58.58:549][  0]LogUObjectArray: 17178 objects as part of root set at end of initial load.
[2021.11.10-23.58.58:549][  0]LogUObjectAllocator: 4301856 out of 0 bytes used by permanent object pool.
[2021.11.10-23.58.58:549][  0]LogUObjectArray: CloseDisregardForGC: 0/0 objects in disregard for GC pool
[2021.11.10-23.58.59:026][  0]LogNiagaraDebuggerClient: Niagara Debugger Client Initialized | Session: EA15A4E94FBEBC8D6C432FAC7FAA58B3 | Instance: 442A2FF843D74DC63400D78A2A8C6F55 (DARKMACHINE-15168).
[2021.11.10-23.58.59:081][  0]LogStreaming: Warning: Failed to read file '../../../Engine/Content/Editor/Slate/Niagara/MenuSeparator.png' error.
[2021.11.10-23.58.59:081][  0]LogSlate: Could not find file for Slate resource: ../../../Engine/Content/Editor/Slate/Niagara/MenuSeparator.png
[2021.11.10-23.58.59:081][  0]LogImageWrapper: Warning: PNG Warning: Duplicate iCCP chunk
[2021.11.10-23.58.59:081][  0]LogStreaming: Warning: Failed to read file '../../../Engine/Content/Editor/Slate/Niagara/Common/Selector.png' error.
[2021.11.10-23.58.59:081][  0]LogSlate: Could not find file for Slate resource: ../../../Engine/Content/Editor/Slate/Niagara/Common/Selector.png
[2021.11.10-23.58.59:081][  0]LogStreaming: Warning: Failed to read file '../../../Engine/Content/Editor/Slate/Niagara/Common/Selection.png' error.
[2021.11.10-23.58.59:081][  0]LogSlate: Could not find file for Slate resource: ../../../Engine/Content/Editor/Slate/Niagara/Common/Selection.png
[2021.11.10-23.58.59:081][  0]LogStreaming: Warning: Failed to read file '../../../Engine/Content/Editor/Slate/Niagara/Common/DropZoneIndicator_Above.png' error.
[2021.11.10-23.58.59:081][  0]LogSlate: Could not find file for Slate resource: ../../../Engine/Content/Editor/Slate/Niagara/Common/DropZoneIndicator_Above.png
[2021.11.10-23.58.59:081][  0]LogStreaming: Warning: Failed to read file '../../../Engine/Content/Editor/Slate/Niagara/Common/DropZoneIndicator_Onto.png' error.
[2021.11.10-23.58.59:081][  0]LogSlate: Could not find file for Slate resource: ../../../Engine/Content/Editor/Slate/Niagara/Common/DropZoneIndicator_Onto.png
[2021.11.10-23.58.59:081][  0]LogImageWrapper: Warning: PNG Warning: Duplicate iCCP chunk
[2021.11.10-23.58.59:081][  0]LogStreaming: Warning: Failed to read file '../../../Engine/Content/Editor/Slate/Niagara/Common/DropZoneIndicator_Below.png' error.
[2021.11.10-23.58.59:081][  0]LogSlate: Could not find file for Slate resource: ../../../Engine/Content/Editor/Slate/Niagara/Common/DropZoneIndicator_Below.png
[2021.11.10-23.58.59:081][  0]LogStreaming: Warning: Failed to read file '../../../Engine/Content/Editor/Slate/Niagara/Common/RoundedSelection_16x.png' error.
[2021.11.10-23.58.59:081][  0]LogSlate: Could not find file for Slate resource: ../../../Engine/Content/Editor/Slate/Niagara/Common/RoundedSelection_16x.png
[2021.11.10-23.58.59:081][  0]LogStreaming: Warning: Failed to read file '../../../Engine/Content/Editor/Slate/Niagara/Common/FlatButton.png' error.
[2021.11.10-23.58.59:081][  0]LogSlate: Could not find file for Slate resource: ../../../Engine/Content/Editor/Slate/Niagara/Common/FlatButton.png
[2021.11.10-23.58.59:081][  0]LogPython: Using Python 3.7.7
[2021.11.10-23.59.00:074][  0]LogUdpMessaging: Initializing bridge on interface 0.0.0.0:0 to multicast group 230.0.0.1:6666.
[2021.11.10-23.59.00:087][  0]LogTcpMessaging: Initializing TcpMessaging bridge
[2021.11.10-23.59.00:331][  0]SourceControl: Source control is disabled
[2021.11.10-23.59.00:331][  0]SourceControl: Source control is disabled
[2021.11.10-23.59.00:335][  0]SourceControl: Source control is disabled
[2021.11.10-23.59.00:340][  0]SourceControl: Source control is disabled
[2021.11.10-23.59.00:356][  0]SourceControl: Source control is disabled
[2021.11.10-23.59.00:369][  0]LogUProjectInfo: Found projects:
[2021.11.10-23.59.00:671][  0]LogOpenImageDenoise: OIDN starting up
[2021.11.10-23.59.00:746][  0]LogAndroidPermission: UAndroidPermissionCallbackProxy::GetInstance
[2021.11.10-23.59.00:778][  0]LogAudioCaptureCore: Display: No Audio Capture implementations found. Audio input will be silent.
[2021.11.10-23.59.00:779][  0]LogAudioCaptureCore: Display: No Audio Capture implementations found. Audio input will be silent.
[2021.11.10-23.59.01:003][  0]LogCollectionManager: Loaded 0 collections in 0.001730 seconds
[2021.11.10-23.59.01:047][  0]LogFileCache: Scanning file cache for directory 'C:/Users/Darkstar/Documents/Scool Files/AI Class/UNREAL STUFF/WEEK 11/GAME2303_sPaskin_week11Assignment/hideAndSeekSenpai/Saved/Collections/' took 0.00s
[2021.11.10-23.59.01:047][  0]LogFileCache: Scanning file cache for directory 'C:/Users/Darkstar/Documents/Scool Files/AI Class/UNREAL STUFF/WEEK 11/GAME2303_sPaskin_week11Assignment/hideAndSeekSenpai/Content/Developers/Darkstar/Collections/' took 0.00s
[2021.11.10-23.59.01:047][  0]LogFileCache: Scanning file cache for directory 'C:/Users/Darkstar/Documents/Scool Files/AI Class/UNREAL STUFF/WEEK 11/GAME2303_sPaskin_week11Assignment/hideAndSeekSenpai/Content/Collections/' took 0.00s
[2021.11.10-23.59.01:047][  0]LogOcInput: OculusInput pre-init called
[2021.11.10-23.59.01:434][  0]LogStreaming: Warning: Failed to read file '../../../Engine/Content/Editor/Slate/Niagara/MenuSeparator.png' error.
[2021.11.10-23.59.01:434][  0]LogSlate: Could not find file for Slate resource: ../../../Engine/Content/Editor/Slate/Niagara/MenuSeparator.png
[2021.11.10-23.59.01:434][  0]LogStreaming: Warning: Failed to read file '../../../Engine/Content/Editor/Slate/Niagara/Common/Selector.png' error.
[2021.11.10-23.59.01:434][  0]LogImageWrapper: Warning: PNG Warning: Duplicate iCCP chunk
[2021.11.10-23.59.01:434][  0]LogSlate: Could not find file for Slate resource: ../../../Engine/Content/Editor/Slate/Niagara/Common/Selector.png
[2021.11.10-23.59.01:434][  0]LogStreaming: Warning: Failed to read file '../../../Engine/Content/Editor/Slate/Niagara/Common/DropZoneIndicator_Above.png' error.
[2021.11.10-23.59.01:434][  0]LogSlate: Could not find file for Slate resource: ../../../Engine/Content/Editor/Slate/Niagara/Common/DropZoneIndicator_Above.png
[2021.11.10-23.59.01:434][  0]LogStreaming: Warning: Failed to read file '../../../Engine/Content/Editor/Slate/Niagara/Common/Selection.png' error.
[2021.11.10-23.59.01:434][  0]LogSlate: Could not find file for Slate resource: ../../../Engine/Content/Editor/Slate/Niagara/Common/Selection.png
[2021.11.10-23.59.01:434][  0]LogStreaming: Warning: Failed to read file '../../../Engine/Content/Editor/Slate/Niagara/Common/DropZoneIndicator_Onto.png' error.
[2021.11.10-23.59.01:434][  0]LogStreaming: Warning: Failed to read file '../../../Engine/Content/Editor/Slate/Niagara/Common/DropZoneIndicator_Below.png' error.
[2021.11.10-23.59.01:434][  0]LogSlate: Could not find file for Slate resource: ../../../Engine/Content/Editor/Slate/Niagara/Common/DropZoneIndicator_Below.png
[2021.11.10-23.59.01:434][  0]LogImageWrapper: Warning: PNG Warning: Duplicate iCCP chunk
[2021.11.10-23.59.01:434][  0]LogSlate: Could not find file for Slate resource: ../../../Engine/Content/Editor/Slate/Niagara/Common/DropZoneIndicator_Onto.png
[2021.11.10-23.59.01:540][  0]LogStreaming: Warning: Failed to read file '../../../Engine/Content/Editor/Slate/Niagara/Common/FlatButton.png' error.
[2021.11.10-23.59.01:540][  0]LogSlate: Could not find file for Slate resource: ../../../Engine/Content/Editor/Slate/Niagara/Common/FlatButton.png
[2021.11.10-23.59.01:540][  0]LogStreaming: Warning: Failed to read file '../../../Engine/Content/Editor/Slate/Niagara/Common/RoundedSelection_16x.png' error.
[2021.11.10-23.59.01:540][  0]LogSlate: Could not find file for Slate resource: ../../../Engine/Content/Editor/Slate/Niagara/Common/RoundedSelection_16x.png
[2021.11.10-23.59.01:540][  0]LogEngine: Initializing Engine...
[2021.11.10-23.59.01:544][  0]LogHMD: Failed to enumerate extensions. Please check that you have a valid OpenXR runtime installed.
[2021.11.10-23.59.01:544][  0]LogHMD: Failed to initialize OpenVR with code 110
[2021.11.10-23.59.01:544][  0]LogMagicLeap: Warning: VR disabled because ZI is not enabled.  To enable, in the editor, Edit -> Project Settings -> Plugins -> Magic Leap Plugin -> Enable Zero Iteration
[2021.11.10-23.59.01:545][  0]LogStats: UGameplayTagsManager::InitializeManager -  0.000 s
[2021.11.10-23.59.01:745][  0]LogInit: Initializing FReadOnlyCVARCache
[2021.11.10-23.59.01:756][  0]LogAIModule: Creating AISystem for world Untitled
[2021.11.10-23.59.01:757][  0]LogAudio: Display: Initializing Audio Device Manager...
[2021.11.10-23.59.01:763][  0]LogAudio: Display: Loading Default Audio Settings Objects...
[2021.11.10-23.59.01:764][  0]LogAudio: Display: No default SoundConcurrencyObject specified (or failed to load).
[2021.11.10-23.59.01:764][  0]LogAudio: Display: Audio Device Manager Initialized
[2021.11.10-23.59.01:764][  0]LogAudio: Display: Creating Audio Device:                 Id: 1, Scope: Shared, Realtime: True
[2021.11.10-23.59.01:765][  0]LogAudioMixer: Display: Audio Mixer Platform Settings:
[2021.11.10-23.59.01:765][  0]LogAudioMixer: Display: 	Sample Rate:						  48000
[2021.11.10-23.59.01:765][  0]LogAudioMixer: Display: 	Callback Buffer Frame Size Requested: 1024
[2021.11.10-23.59.01:765][  0]LogAudioMixer: Display: 	Callback Buffer Frame Size To Use:	  1024
[2021.11.10-23.59.01:765][  0]LogAudioMixer: Display: 	Number of buffers to queue:			  2
[2021.11.10-23.59.01:765][  0]LogAudioMixer: Display: 	Max Channels (voices):				  32
[2021.11.10-23.59.01:765][  0]LogAudioMixer: Display: 	Number of Async Source Workers:		  0
[2021.11.10-23.59.01:765][  0]LogAudio: Display: AudioDevice MaxSources: 32
[2021.11.10-23.59.01:765][  0]LogAudio: Display: Audio Spatialization Plugin: None (built-in).
[2021.11.10-23.59.01:765][  0]LogAudio: Display: Audio Reverb Plugin: None (built-in).
[2021.11.10-23.59.01:765][  0]LogAudio: Display: Audio Occlusion Plugin: None (built-in).
[2021.11.10-23.59.01:765][  0]LogAudioMixer: Display: Initializing audio mixer.
[2021.11.10-23.59.01:798][  0]LogAudioMixer: Display: 0: FrontLeft
[2021.11.10-23.59.01:798][  0]LogAudioMixer: Display: 1: FrontRight
[2021.11.10-23.59.01:934][  0]LogAudioMixer: Display: Using Audio Device Speakers (High Definition Audio Device)
[2021.11.10-23.59.01:935][  0]LogAudioMixer: Display: Initializing Sound Submixes...
[2021.11.10-23.59.01:941][  0]LogAudioMixer: Display: Creating Master Submix 'MasterSubmixDefault'
[2021.11.10-23.59.01:942][  0]LogAudioMixer: Display: Creating Master Submix 'MasterReverbSubmixDefault'
[2021.11.10-23.59.01:943][  0]LogAudioMixer: Display: Creating Master Submix 'MasterEQSubmixDefault'
[2021.11.10-23.59.01:943][  0]LogAudioMixer: FMixerPlatformXAudio2::StartAudioStream() called
[2021.11.10-23.59.01:943][  0]LogAudioMixer: Display: Output buffers initialized: Frames=1024, Channels=2, Samples=2048
[2021.11.10-23.59.01:949][  0]LogAudioMixer: Display: Starting AudioMixerPlatformInterface::RunInternal()
[2021.11.10-23.59.01:949][  0]LogAudioMixer: Display: FMixerPlatformXAudio2::SubmitBuffer() called for the first time
[2021.11.10-23.59.01:949][  0]LogInit: FAudioDevice initialized.
[2021.11.10-23.59.01:949][  0]LogAudio: Display: Audio Device (ID: 1) registered with world 'Untitled'.
[2021.11.10-23.59.01:949][  0]LogNetVersion: Set ProjectVersion to 1.0.0.0. Version Checksum will be recalculated on next use.
[2021.11.10-23.59.02:059][  0]LogDerivedDataCache: Saved boot cache 0.11s 95MB C:/Users/Darkstar/AppData/Local/UnrealEngine/4.27/DerivedDataCache/Boot.ddc.
[2021.11.10-23.59.02:075][  0]LogInit: Texture streaming: Enabled
[2021.11.10-23.59.02:092][  0]LogAnalytics: Display: [UEEditor.Rocket.Release] APIServer = https://datarouter.ol.epicgames.com/. AppVersion = 4.27.0-17155196+++UE4+Release-4.27
[2021.11.10-23.59.02:099][  0]LogEngineSessionManager: EngineSessionManager initialized
[2021.11.10-23.59.02:099][  0]LogEditorSessionSummary: Verbose: Initializing EditorSessionSummaryWriter for editor session tracking
[2021.11.10-23.59.02:105][  0]LogEditorSessionSummary: EditorSessionSummaryWriter initialized
[2021.11.10-23.59.02:310][  0]LogInit: Transaction tracking system initialized
[2021.11.10-23.59.02:341][  0]BlueprintLog: New page: Editor Load
[2021.11.10-23.59.02:426][  0]LocalizationService: Localization service is disabled
[2021.11.10-23.59.02:479][  0]TimingProfiler: Initialize
[2021.11.10-23.59.02:480][  0]TimingProfiler: OnSessionChanged
[2021.11.10-23.59.02:480][  0]LoadingProfiler: Initialize
[2021.11.10-23.59.02:480][  0]LoadingProfiler: OnSessionChanged
[2021.11.10-23.59.02:480][  0]NetworkingProfiler: Initialize
[2021.11.10-23.59.02:480][  0]NetworkingProfiler: OnSessionChanged
[2021.11.10-23.59.02:480][  0]MemoryProfiler: Initialize
[2021.11.10-23.59.02:480][  0]MemoryProfiler: OnSessionChanged
[2021.11.10-23.59.03:632][  0]LogCook: Display: CookSettings for Memory: MemoryMaxUsedVirtual 0MiB, MemoryMaxUsedPhysical 16384MiB, MemoryMinFreeVirtual 0MiB, MemoryMinFreePhysical 1024MiB
[2021.11.10-23.59.03:632][  0]LogCook: Display: Mobile HDR setting 1
[2021.11.10-23.59.03:884][  0]LogFileCache: Scanning file cache for directory 'C:/Users/Darkstar/Documents/Scool Files/AI Class/UNREAL STUFF/WEEK 11/GAME2303_sPaskin_week11Assignment/hideAndSeekSenpai/Content/' took 0.03s
[2021.11.10-23.59.04:256][  0]LogStreaming: Warning: Failed to read file '../../../Engine/Content/Editor/Slate/Niagara/MenuSeparator.png' error.
[2021.11.10-23.59.04:256][  0]LogSlate: Could not find file for Slate resource: ../../../Engine/Content/Editor/Slate/Niagara/MenuSeparator.png
[2021.11.10-23.59.04:256][  0]LogImageWrapper: Warning: PNG Warning: Duplicate iCCP chunk
[2021.11.10-23.59.04:256][  0]LogStreaming: Warning: Failed to read file '../../../Engine/Content/Editor/Slate/Niagara/Common/Selector.png' error.
[2021.11.10-23.59.04:256][  0]LogSlate: Could not find file for Slate resource: ../../../Engine/Content/Editor/Slate/Niagara/Common/Selector.png
[2021.11.10-23.59.04:256][  0]LogStreaming: Warning: Failed to read file '../../../Engine/Content/Editor/Slate/Niagara/Common/Selection.png' error.
[2021.11.10-23.59.04:256][  0]LogSlate: Could not find file for Slate resource: ../../../Engine/Content/Editor/Slate/Niagara/Common/Selection.png
[2021.11.10-23.59.04:256][  0]LogStreaming: Warning: Failed to read file '../../../Engine/Content/Editor/Slate/Niagara/Common/DropZoneIndicator_Above.png' error.
[2021.11.10-23.59.04:256][  0]LogSlate: Could not find file for Slate resource: ../../../Engine/Content/Editor/Slate/Niagara/Common/DropZoneIndicator_Above.png
[2021.11.10-23.59.04:256][  0]LogStreaming: Warning: Failed to read file '../../../Engine/Content/Editor/Slate/Niagara/Common/DropZoneIndicator_Onto.png' error.
[2021.11.10-23.59.04:256][  0]LogSlate: Could not find file for Slate resource: ../../../Engine/Content/Editor/Slate/Niagara/Common/DropZoneIndicator_Onto.png
[2021.11.10-23.59.04:256][  0]LogStreaming: Warning: Failed to read file '../../../Engine/Content/Editor/Slate/Niagara/Common/DropZoneIndicator_Below.png' error.
[2021.11.10-23.59.04:256][  0]LogSlate: Could not find file for Slate resource: ../../../Engine/Content/Editor/Slate/Niagara/Common/DropZoneIndicator_Below.png
[2021.11.10-23.59.04:256][  0]LogImageWrapper: Warning: PNG Warning: Duplicate iCCP chunk
[2021.11.10-23.59.04:330][  0]LogStreaming: Warning: Failed to read file '../../../Engine/Content/Editor/Slate/Niagara/Common/RoundedSelection_16x.png' error.
[2021.11.10-23.59.04:330][  0]LogSlate: Could not find file for Slate resource: ../../../Engine/Content/Editor/Slate/Niagara/Common/RoundedSelection_16x.png
[2021.11.10-23.59.04:330][  0]LogStreaming: Warning: Failed to read file '../../../Engine/Content/Editor/Slate/Niagara/Common/FlatButton.png' error.
[2021.11.10-23.59.04:330][  0]LogSlate: Could not find file for Slate resource: ../../../Engine/Content/Editor/Slate/Niagara/Common/FlatButton.png
[2021.11.10-23.59.04:330][  0]LogInit: Display: Engine is initialized. Leaving FEngineLoop::Init()
[2021.11.10-23.59.04:349][  0]SourceControl: Source control is disabled
[2021.11.10-23.59.04:349][  0]LogUnrealEdMisc: Loading editor; pre map load, took 13.853
[2021.11.10-23.59.04:350][  0]LightingResults: New page: Lighting Build
[2021.11.10-23.59.04:351][  0]LogWorld: UWorld::CleanupWorld for Untitled, bSessionEnded=true, bCleanupResources=true
[2021.11.10-23.59.04:351][  0]LogSlate: InvalidateAllWidgets triggered.  All widgets were invalidated
[2021.11.10-23.59.04:351][  0]MapCheck: New page: Map Check
[2021.11.10-23.59.04:352][  0]LightingResults: New page: Lighting Build
[2021.11.10-23.59.05:805][  0]LogAudio: Display: Audio Device unregistered from world 'None'.
[2021.11.10-23.59.06:093][  0]LogUObjectHash: Compacting FUObjectHashTables data took   1.03ms
[2021.11.10-23.59.06:784][  0]LogAudio: Display: Audio Device (ID: 1) registered with world 'ThirdPersonExampleMap'.
[2021.11.10-23.59.06:785][  0]LogAIModule: Creating AISystem for world ThirdPersonExampleMap
[2021.11.10-23.59.06:801][  0]LogEditorServer: Finished looking for orphan Actors (0.000 secs)
[2021.11.10-23.59.08:261][  0]LogUObjectHash: Compacting FUObjectHashTables data took   2.03ms
[2021.11.10-23.59.08:262][  0]Cmd: MAP CHECKDEP NOCLEARLOG
[2021.11.10-23.59.08:262][  0]MapCheck: Map check complete: 0 Error(s), 0 Warning(s), took 0.232ms to complete.
[2021.11.10-23.59.08:262][  0]LogFileHelpers: Loading map 'ThirdPersonExampleMap' took 3.914
[2021.11.10-23.59.08:265][  0]LogUnrealEdMisc: Total Editor Startup Time, took 17.770
[2021.11.10-23.59.08:404][  0]LogSlate: Updating window title bar state: overlay mode, drag disabled, window buttons hidden, title bar hidden
[2021.11.10-23.59.08:413][  0]LogSlate: Updating window title bar state: overlay mode, drag disabled, window buttons hidden, title bar hidden
[2021.11.10-23.59.08:421][  0]LogSlate: Updating window title bar state: overlay mode, drag disabled, window buttons hidden, title bar hidden
[2021.11.10-23.59.08:430][  0]LogSlate: Updating window title bar state: overlay mode, drag disabled, window buttons hidden, title bar hidden
[2021.11.10-23.59.08:450][  0]LogNativeClassHierarchy: Verbose: Native class hierarchy populated in 0.0124 seconds. Added 3822 classes and 928 folders.
[2021.11.10-23.59.08:453][  0]LogNativeClassHierarchy: Verbose: Native class hierarchy updated for 'WidgetCarousel' in 0.0003 seconds. Added 0 classes and 0 folders.
[2021.11.10-23.59.08:457][  0]LogPakFile: PakFile PrimaryIndexSize=187
[2021.11.10-23.59.08:457][  0]LogPakFile: PakFile PathHashIndexSize=101
[2021.11.10-23.59.08:457][  0]LogPakFile: PakFile FullDirectoryIndexSize=148
[2021.11.10-23.59.08:457][  0]LogShaderLibrary: Display: ShaderCodeLibraryPakFileMountedCallback: PakFile 'D:/Program Files/Epic Games/UE_4.27/FeaturePacks/FP_FirstPerson.upack' (chunk index -1, root 'root:/') mounted
[2021.11.10-23.59.08:457][  0]LogShaderLibrary: Display: ShaderCodeLibraryPakFileMountedCallback: pending pak file info (ChunkID:-1 Root:root:/ File:D:/Program Files/Epic Games/UE_4.27/FeaturePacks/FP_FirstPerson.upack)
[2021.11.10-23.59.08:457][  0]LogPakFile: OnPakFileMounted2Time == 0.000078
[2021.11.10-23.59.08:459][  0]LogPakFile: PakFile PrimaryIndexSize=189
[2021.11.10-23.59.08:459][  0]LogPakFile: PakFile PathHashIndexSize=101
[2021.11.10-23.59.08:459][  0]LogPakFile: PakFile FullDirectoryIndexSize=152
[2021.11.10-23.59.08:459][  0]LogShaderLibrary: Display: ShaderCodeLibraryPakFileMountedCallback: PakFile 'D:/Program Files/Epic Games/UE_4.27/FeaturePacks/FP_FirstPersonBP.upack' (chunk index -1, root 'root:/') mounted
[2021.11.10-23.59.08:459][  0]LogShaderLibrary: Display: ShaderCodeLibraryPakFileMountedCallback: pending pak file info (ChunkID:-1 Root:root:/ File:D:/Program Files/Epic Games/UE_4.27/FeaturePacks/FP_FirstPersonBP.upack)
[2021.11.10-23.59.08:459][  0]LogPakFile: OnPakFileMounted2Time == 0.000058
[2021.11.10-23.59.08:460][  0]LogPakFile: PakFile PrimaryIndexSize=191
[2021.11.10-23.59.08:460][  0]LogPakFile: PakFile PathHashIndexSize=101
[2021.11.10-23.59.08:460][  0]LogPakFile: PakFile FullDirectoryIndexSize=160
[2021.11.10-23.59.08:460][  0]LogShaderLibrary: Display: ShaderCodeLibraryPakFileMountedCallback: PakFile 'D:/Program Files/Epic Games/UE_4.27/FeaturePacks/MobileStarterContent.upack' (chunk index -1, root 'root:/') mounted
[2021.11.10-23.59.08:460][  0]LogShaderLibrary: Display: ShaderCodeLibraryPakFileMountedCallback: pending pak file info (ChunkID:-1 Root:root:/ File:D:/Program Files/Epic Games/UE_4.27/FeaturePacks/MobileStarterContent.upack)
[2021.11.10-23.59.08:460][  0]LogPakFile: OnPakFileMounted2Time == 0.000052
[2021.11.10-23.59.08:462][  0]LogPakFile: PakFile PrimaryIndexSize=185
[2021.11.10-23.59.08:462][  0]LogPakFile: PakFile PathHashIndexSize=101
[2021.11.10-23.59.08:462][  0]LogPakFile: PakFile FullDirectoryIndexSize=148
[2021.11.10-23.59.08:462][  0]LogShaderLibrary: Display: ShaderCodeLibraryPakFileMountedCallback: PakFile 'D:/Program Files/Epic Games/UE_4.27/FeaturePacks/StarterContent.upack' (chunk index -1, root 'root:/') mounted
[2021.11.10-23.59.08:462][  0]LogShaderLibrary: Display: ShaderCodeLibraryPakFileMountedCallback: pending pak file info (ChunkID:-1 Root:root:/ File:D:/Program Files/Epic Games/UE_4.27/FeaturePacks/StarterContent.upack)
[2021.11.10-23.59.08:462][  0]LogPakFile: OnPakFileMounted2Time == 0.000054
[2021.11.10-23.59.08:464][  0]LogPakFile: PakFile PrimaryIndexSize=190
[2021.11.10-23.59.08:464][  0]LogPakFile: PakFile PathHashIndexSize=101
[2021.11.10-23.59.08:464][  0]LogPakFile: PakFile FullDirectoryIndexSize=154
[2021.11.10-23.59.08:464][  0]LogShaderLibrary: Display: ShaderCodeLibraryPakFileMountedCallback: PakFile 'D:/Program Files/Epic Games/UE_4.27/FeaturePacks/TP_2DSideScroller.upack' (chunk index -1, root 'root:/') mounted
[2021.11.10-23.59.08:464][  0]LogShaderLibrary: Display: ShaderCodeLibraryPakFileMountedCallback: pending pak file info (ChunkID:-1 Root:root:/ File:D:/Program Files/Epic Games/UE_4.27/FeaturePacks/TP_2DSideScroller.upack)
[2021.11.10-23.59.08:464][  0]LogPakFile: OnPakFileMounted2Time == 0.000055
[2021.11.10-23.59.08:465][  0]LogPakFile: PakFile PrimaryIndexSize=192
[2021.11.10-23.59.08:465][  0]LogPakFile: PakFile PathHashIndexSize=101
[2021.11.10-23.59.08:465][  0]LogPakFile: PakFile FullDirectoryIndexSize=158
[2021.11.10-23.59.08:465][  0]LogShaderLibrary: Display: ShaderCodeLibraryPakFileMountedCallback: PakFile 'D:/Program Files/Epic Games/UE_4.27/FeaturePacks/TP_2DSideScrollerBP.upack' (chunk index -1, root 'root:/') mounted
[2021.11.10-23.59.08:465][  0]LogShaderLibrary: Display: ShaderCodeLibraryPakFileMountedCallback: pending pak file info (ChunkID:-1 Root:root:/ File:D:/Program Files/Epic Games/UE_4.27/FeaturePacks/TP_2DSideScrollerBP.upack)
[2021.11.10-23.59.08:465][  0]LogPakFile: OnPakFileMounted2Time == 0.000051
[2021.11.10-23.59.08:467][  0]LogPakFile: PakFile PrimaryIndexSize=182
[2021.11.10-23.59.08:467][  0]LogPakFile: PakFile PathHashIndexSize=101
[2021.11.10-23.59.08:467][  0]LogPakFile: PakFile FullDirectoryIndexSize=138
[2021.11.10-23.59.08:467][  0]LogShaderLibrary: Display: ShaderCodeLibraryPakFileMountedCallback: PakFile 'D:/Program Files/Epic Games/UE_4.27/FeaturePacks/TP_Flying.upack' (chunk index -1, root 'root:/') mounted
[2021.11.10-23.59.08:467][  0]LogShaderLibrary: Display: ShaderCodeLibraryPakFileMountedCallback: pending pak file info (ChunkID:-1 Root:root:/ File:D:/Program Files/Epic Games/UE_4.27/FeaturePacks/TP_Flying.upack)
[2021.11.10-23.59.08:467][  0]LogPakFile: OnPakFileMounted2Time == 0.000052
[2021.11.10-23.59.08:468][  0]LogPakFile: PakFile PrimaryIndexSize=184
[2021.11.10-23.59.08:469][  0]LogPakFile: PakFile PathHashIndexSize=101
[2021.11.10-23.59.08:469][  0]LogPakFile: PakFile FullDirectoryIndexSize=142
[2021.11.10-23.59.08:469][  0]LogShaderLibrary: Display: ShaderCodeLibraryPakFileMountedCallback: PakFile 'D:/Program Files/Epic Games/UE_4.27/FeaturePacks/TP_FlyingBP.upack' (chunk index -1, root 'root:/') mounted
[2021.11.10-23.59.08:469][  0]LogShaderLibrary: Display: ShaderCodeLibraryPakFileMountedCallback: pending pak file info (ChunkID:-1 Root:root:/ File:D:/Program Files/Epic Games/UE_4.27/FeaturePacks/TP_FlyingBP.upack)
[2021.11.10-23.59.08:469][  0]LogPakFile: OnPakFileMounted2Time == 0.000060
[2021.11.10-23.59.08:470][  0]LogPakFile: PakFile PrimaryIndexSize=188
[2021.11.10-23.59.08:470][  0]LogPakFile: PakFile PathHashIndexSize=101
[2021.11.10-23.59.08:470][  0]LogPakFile: PakFile FullDirectoryIndexSize=150
[2021.11.10-23.59.08:470][  0]LogShaderLibrary: Display: ShaderCodeLibraryPakFileMountedCallback: PakFile 'D:/Program Files/Epic Games/UE_4.27/FeaturePacks/TP_HandheldARBP.upack' (chunk index -1, root 'root:/') mounted
[2021.11.10-23.59.08:470][  0]LogShaderLibrary: Display: ShaderCodeLibraryPakFileMountedCallback: pending pak file info (ChunkID:-1 Root:root:/ File:D:/Program Files/Epic Games/UE_4.27/FeaturePacks/TP_HandheldARBP.upack)
[2021.11.10-23.59.08:470][  0]LogPakFile: OnPakFileMounted2Time == 0.000051
[2021.11.10-23.59.08:472][  0]LogPakFile: PakFile PrimaryIndexSize=182
[2021.11.10-23.59.08:472][  0]LogPakFile: PakFile PathHashIndexSize=101
[2021.11.10-23.59.08:472][  0]LogPakFile: PakFile FullDirectoryIndexSize=138
[2021.11.10-23.59.08:472][  0]LogShaderLibrary: Display: ShaderCodeLibraryPakFileMountedCallback: PakFile 'D:/Program Files/Epic Games/UE_4.27/FeaturePacks/TP_Puzzle.upack' (chunk index -1, root 'root:/') mounted
[2021.11.10-23.59.08:472][  0]LogShaderLibrary: Display: ShaderCodeLibraryPakFileMountedCallback: pending pak file info (ChunkID:-1 Root:root:/ File:D:/Program Files/Epic Games/UE_4.27/FeaturePacks/TP_Puzzle.upack)
[2021.11.10-23.59.08:472][  0]LogPakFile: OnPakFileMounted2Time == 0.000055
[2021.11.10-23.59.08:474][  0]LogPakFile: PakFile PrimaryIndexSize=184
[2021.11.10-23.59.08:474][  0]LogPakFile: PakFile PathHashIndexSize=101
[2021.11.10-23.59.08:474][  0]LogPakFile: PakFile FullDirectoryIndexSize=142
[2021.11.10-23.59.08:474][  0]LogShaderLibrary: Display: ShaderCodeLibraryPakFileMountedCallback: PakFile 'D:/Program Files/Epic Games/UE_4.27/FeaturePacks/TP_PuzzleBP.upack' (chunk index -1, root 'root:/') mounted
[2021.11.10-23.59.08:474][  0]LogShaderLibrary: Display: ShaderCodeLibraryPakFileMountedCallback: pending pak file info (ChunkID:-1 Root:root:/ File:D:/Program Files/Epic Games/UE_4.27/FeaturePacks/TP_PuzzleBP.upack)
[2021.11.10-23.59.08:474][  0]LogPakFile: OnPakFileMounted2Time == 0.000051
[2021.11.10-23.59.08:475][  0]LogPakFile: PakFile PrimaryIndexSize=183
[2021.11.10-23.59.08:475][  0]LogPakFile: PakFile PathHashIndexSize=101
[2021.11.10-23.59.08:475][  0]LogPakFile: PakFile FullDirectoryIndexSize=140
[2021.11.10-23.59.08:475][  0]LogShaderLibrary: Display: ShaderCodeLibraryPakFileMountedCallback: PakFile 'D:/Program Files/Epic Games/UE_4.27/FeaturePacks/TP_Rolling.upack' (chunk index -1, root 'root:/') mounted
[2021.11.10-23.59.08:475][  0]LogShaderLibrary: Display: ShaderCodeLibraryPakFileMountedCallback: pending pak file info (ChunkID:-1 Root:root:/ File:D:/Program Files/Epic Games/UE_4.27/FeaturePacks/TP_Rolling.upack)
[2021.11.10-23.59.08:475][  0]LogPakFile: OnPakFileMounted2Time == 0.000048
[2021.11.10-23.59.08:477][  0]LogPakFile: PakFile PrimaryIndexSize=185
[2021.11.10-23.59.08:477][  0]LogPakFile: PakFile PathHashIndexSize=101
[2021.11.10-23.59.08:477][  0]LogPakFile: PakFile FullDirectoryIndexSize=144
[2021.11.10-23.59.08:477][  0]LogShaderLibrary: Display: ShaderCodeLibraryPakFileMountedCallback: PakFile 'D:/Program Files/Epic Games/UE_4.27/FeaturePacks/TP_RollingBP.upack' (chunk index -1, root 'root:/') mounted
[2021.11.10-23.59.08:477][  0]LogShaderLibrary: Display: ShaderCodeLibraryPakFileMountedCallback: pending pak file info (ChunkID:-1 Root:root:/ File:D:/Program Files/Epic Games/UE_4.27/FeaturePacks/TP_RollingBP.upack)
[2021.11.10-23.59.08:477][  0]LogPakFile: OnPakFileMounted2Time == 0.000051
[2021.11.10-23.59.08:478][  0]LogPakFile: PakFile PrimaryIndexSize=188
[2021.11.10-23.59.08:478][  0]LogPakFile: PakFile PathHashIndexSize=101
[2021.11.10-23.59.08:478][  0]LogPakFile: PakFile FullDirectoryIndexSize=150
[2021.11.10-23.59.08:478][  0]LogShaderLibrary: Display: ShaderCodeLibraryPakFileMountedCallback: PakFile 'D:/Program Files/Epic Games/UE_4.27/FeaturePacks/TP_SideScroller.upack' (chunk index -1, root 'root:/') mounted
[2021.11.10-23.59.08:478][  0]LogShaderLibrary: Display: ShaderCodeLibraryPakFileMountedCallback: pending pak file info (ChunkID:-1 Root:root:/ File:D:/Program Files/Epic Games/UE_4.27/FeaturePacks/TP_SideScroller.upack)
[2021.11.10-23.59.08:478][  0]LogPakFile: OnPakFileMounted2Time == 0.000058
[2021.11.10-23.59.08:480][  0]LogPakFile: PakFile PrimaryIndexSize=190
[2021.11.10-23.59.08:480][  0]LogPakFile: PakFile PathHashIndexSize=101
[2021.11.10-23.59.08:480][  0]LogPakFile: PakFile FullDirectoryIndexSize=154
[2021.11.10-23.59.08:480][  0]LogShaderLibrary: Display: ShaderCodeLibraryPakFileMountedCallback: PakFile 'D:/Program Files/Epic Games/UE_4.27/FeaturePacks/TP_SideScrollerBP.upack' (chunk index -1, root 'root:/') mounted
[2021.11.10-23.59.08:480][  0]LogShaderLibrary: Display: ShaderCodeLibraryPakFileMountedCallback: pending pak file info (ChunkID:-1 Root:root:/ File:D:/Program Files/Epic Games/UE_4.27/FeaturePacks/TP_SideScrollerBP.upack)
[2021.11.10-23.59.08:480][  0]LogPakFile: OnPakFileMounted2Time == 0.000056
[2021.11.10-23.59.08:482][  0]LogPakFile: PakFile PrimaryIndexSize=187
[2021.11.10-23.59.08:482][  0]LogPakFile: PakFile PathHashIndexSize=101
[2021.11.10-23.59.08:482][  0]LogPakFile: PakFile FullDirectoryIndexSize=148
[2021.11.10-23.59.08:482][  0]LogShaderLibrary: Display: ShaderCodeLibraryPakFileMountedCallback: PakFile 'D:/Program Files/Epic Games/UE_4.27/FeaturePacks/TP_ThirdPerson.upack' (chunk index -1, root 'root:/') mounted
[2021.11.10-23.59.08:482][  0]LogShaderLibrary: Display: ShaderCodeLibraryPakFileMountedCallback: pending pak file info (ChunkID:-1 Root:root:/ File:D:/Program Files/Epic Games/UE_4.27/FeaturePacks/TP_ThirdPerson.upack)
[2021.11.10-23.59.08:482][  0]LogPakFile: OnPakFileMounted2Time == 0.000052
[2021.11.10-23.59.08:483][  0]LogPakFile: PakFile PrimaryIndexSize=189
[2021.11.10-23.59.08:483][  0]LogPakFile: PakFile PathHashIndexSize=101
[2021.11.10-23.59.08:483][  0]LogPakFile: PakFile FullDirectoryIndexSize=152
[2021.11.10-23.59.08:483][  0]LogShaderLibrary: Display: ShaderCodeLibraryPakFileMountedCallback: PakFile 'D:/Program Files/Epic Games/UE_4.27/FeaturePacks/TP_ThirdPersonBP.upack' (chunk index -1, root 'root:/') mounted
[2021.11.10-23.59.08:483][  0]LogShaderLibrary: Display: ShaderCodeLibraryPakFileMountedCallback: pending pak file info (ChunkID:-1 Root:root:/ File:D:/Program Files/Epic Games/UE_4.27/FeaturePacks/TP_ThirdPersonBP.upack)
[2021.11.10-23.59.08:483][  0]LogPakFile: OnPakFileMounted2Time == 0.000051
[2021.11.10-23.59.08:485][  0]LogPakFile: PakFile PrimaryIndexSize=183
[2021.11.10-23.59.08:485][  0]LogPakFile: PakFile PathHashIndexSize=101
[2021.11.10-23.59.08:485][  0]LogPakFile: PakFile FullDirectoryIndexSize=140
[2021.11.10-23.59.08:485][  0]LogShaderLibrary: Display: ShaderCodeLibraryPakFileMountedCallback: PakFile 'D:/Program Files/Epic Games/UE_4.27/FeaturePacks/TP_TopDown.upack' (chunk index -1, root 'root:/') mounted
[2021.11.10-23.59.08:485][  0]LogShaderLibrary: Display: ShaderCodeLibraryPakFileMountedCallback: pending pak file info (ChunkID:-1 Root:root:/ File:D:/Program Files/Epic Games/UE_4.27/FeaturePacks/TP_TopDown.upack)
[2021.11.10-23.59.08:485][  0]LogPakFile: OnPakFileMounted2Time == 0.000058
[2021.11.10-23.59.08:486][  0]LogPakFile: PakFile PrimaryIndexSize=185
[2021.11.10-23.59.08:486][  0]LogPakFile: PakFile PathHashIndexSize=101
[2021.11.10-23.59.08:486][  0]LogPakFile: PakFile FullDirectoryIndexSize=144
[2021.11.10-23.59.08:486][  0]LogShaderLibrary: Display: ShaderCodeLibraryPakFileMountedCallback: PakFile 'D:/Program Files/Epic Games/UE_4.27/FeaturePacks/TP_TopDownBP.upack' (chunk index -1, root 'root:/') mounted
[2021.11.10-23.59.08:486][  0]LogShaderLibrary: Display: ShaderCodeLibraryPakFileMountedCallback: pending pak file info (ChunkID:-1 Root:root:/ File:D:/Program Files/Epic Games/UE_4.27/FeaturePacks/TP_TopDownBP.upack)
[2021.11.10-23.59.08:486][  0]LogPakFile: OnPakFileMounted2Time == 0.000048
[2021.11.10-23.59.08:488][  0]LogPakFile: PakFile PrimaryIndexSize=185
[2021.11.10-23.59.08:488][  0]LogPakFile: PakFile PathHashIndexSize=101
[2021.11.10-23.59.08:488][  0]LogPakFile: PakFile FullDirectoryIndexSize=144
[2021.11.10-23.59.08:488][  0]LogShaderLibrary: Display: ShaderCodeLibraryPakFileMountedCallback: PakFile 'D:/Program Files/Epic Games/UE_4.27/FeaturePacks/TP_TwinStick.upack' (chunk index -1, root 'root:/') mounted
[2021.11.10-23.59.08:488][  0]LogShaderLibrary: Display: ShaderCodeLibraryPakFileMountedCallback: pending pak file info (ChunkID:-1 Root:root:/ File:D:/Program Files/Epic Games/UE_4.27/FeaturePacks/TP_TwinStick.upack)
[2021.11.10-23.59.08:488][  0]LogPakFile: OnPakFileMounted2Time == 0.000050
[2021.11.10-23.59.08:489][  0]LogPakFile: PakFile PrimaryIndexSize=187
[2021.11.10-23.59.08:489][  0]LogPakFile: PakFile PathHashIndexSize=101
[2021.11.10-23.59.08:489][  0]LogPakFile: PakFile FullDirectoryIndexSize=148
[2021.11.10-23.59.08:489][  0]LogShaderLibrary: Display: ShaderCodeLibraryPakFileMountedCallback: PakFile 'D:/Program Files/Epic Games/UE_4.27/FeaturePacks/TP_TwinStickBP.upack' (chunk index -1, root 'root:/') mounted
[2021.11.10-23.59.08:489][  0]LogShaderLibrary: Display: ShaderCodeLibraryPakFileMountedCallback: pending pak file info (ChunkID:-1 Root:root:/ File:D:/Program Files/Epic Games/UE_4.27/FeaturePacks/TP_TwinStickBP.upack)
[2021.11.10-23.59.08:489][  0]LogPakFile: OnPakFileMounted2Time == 0.000052
[2021.11.10-23.59.08:491][  0]LogPakFile: PakFile PrimaryIndexSize=183
[2021.11.10-23.59.08:491][  0]LogPakFile: PakFile PathHashIndexSize=101
[2021.11.10-23.59.08:491][  0]LogPakFile: PakFile FullDirectoryIndexSize=140
[2021.11.10-23.59.08:491][  0]LogShaderLibrary: Display: ShaderCodeLibraryPakFileMountedCallback: PakFile 'D:/Program Files/Epic Games/UE_4.27/FeaturePacks/TP_Vehicle.upack' (chunk index -1, root 'root:/') mounted
[2021.11.10-23.59.08:491][  0]LogShaderLibrary: Display: ShaderCodeLibraryPakFileMountedCallback: pending pak file info (ChunkID:-1 Root:root:/ File:D:/Program Files/Epic Games/UE_4.27/FeaturePacks/TP_Vehicle.upack)
[2021.11.10-23.59.08:491][  0]LogPakFile: OnPakFileMounted2Time == 0.000048
[2021.11.10-23.59.08:492][  0]LogPakFile: PakFile PrimaryIndexSize=186
[2021.11.10-23.59.08:492][  0]LogPakFile: PakFile PathHashIndexSize=101
[2021.11.10-23.59.08:492][  0]LogPakFile: PakFile FullDirectoryIndexSize=146
[2021.11.10-23.59.08:492][  0]LogShaderLibrary: Display: ShaderCodeLibraryPakFileMountedCallback: PakFile 'D:/Program Files/Epic Games/UE_4.27/FeaturePacks/TP_VehicleAdv.upack' (chunk index -1, root 'root:/') mounted
[2021.11.10-23.59.08:492][  0]LogShaderLibrary: Display: ShaderCodeLibraryPakFileMountedCallback: pending pak file info (ChunkID:-1 Root:root:/ File:D:/Program Files/Epic Games/UE_4.27/FeaturePacks/TP_VehicleAdv.upack)
[2021.11.10-23.59.08:492][  0]LogPakFile: OnPakFileMounted2Time == 0.000050
[2021.11.10-23.59.08:494][  0]LogPakFile: PakFile PrimaryIndexSize=188
[2021.11.10-23.59.08:494][  0]LogPakFile: PakFile PathHashIndexSize=101
[2021.11.10-23.59.08:494][  0]LogPakFile: PakFile FullDirectoryIndexSize=150
[2021.11.10-23.59.08:494][  0]LogShaderLibrary: Display: ShaderCodeLibraryPakFileMountedCallback: PakFile 'D:/Program Files/Epic Games/UE_4.27/FeaturePacks/TP_VehicleAdvBP.upack' (chunk index -1, root 'root:/') mounted
[2021.11.10-23.59.08:494][  0]LogShaderLibrary: Display: ShaderCodeLibraryPakFileMountedCallback: pending pak file info (ChunkID:-1 Root:root:/ File:D:/Program Files/Epic Games/UE_4.27/FeaturePacks/TP_VehicleAdvBP.upack)
[2021.11.10-23.59.08:494][  0]LogPakFile: OnPakFileMounted2Time == 0.000048
[2021.11.10-23.59.08:495][  0]LogPakFile: PakFile PrimaryIndexSize=185
[2021.11.10-23.59.08:495][  0]LogPakFile: PakFile PathHashIndexSize=101
[2021.11.10-23.59.08:495][  0]LogPakFile: PakFile FullDirectoryIndexSize=144
[2021.11.10-23.59.08:495][  0]LogShaderLibrary: Display: ShaderCodeLibraryPakFileMountedCallback: PakFile 'D:/Program Files/Epic Games/UE_4.27/FeaturePacks/TP_VehicleBP.upack' (chunk index -1, root 'root:/') mounted
[2021.11.10-23.59.08:495][  0]LogShaderLibrary: Display: ShaderCodeLibraryPakFileMountedCallback: pending pak file info (ChunkID:-1 Root:root:/ File:D:/Program Files/Epic Games/UE_4.27/FeaturePacks/TP_VehicleBP.upack)
[2021.11.10-23.59.08:495][  0]LogPakFile: OnPakFileMounted2Time == 0.000058
[2021.11.10-23.59.08:497][  0]LogPakFile: PakFile PrimaryIndexSize=192
[2021.11.10-23.59.08:497][  0]LogPakFile: PakFile PathHashIndexSize=101
[2021.11.10-23.59.08:497][  0]LogPakFile: PakFile FullDirectoryIndexSize=158
[2021.11.10-23.59.08:497][  0]LogShaderLibrary: Display: ShaderCodeLibraryPakFileMountedCallback: PakFile 'D:/Program Files/Epic Games/UE_4.27/FeaturePacks/TP_VirtualRealityBP.upack' (chunk index -1, root 'root:/') mounted
[2021.11.10-23.59.08:497][  0]LogShaderLibrary: Display: ShaderCodeLibraryPakFileMountedCallback: pending pak file info (ChunkID:-1 Root:root:/ File:D:/Program Files/Epic Games/UE_4.27/FeaturePacks/TP_VirtualRealityBP.upack)
[2021.11.10-23.59.08:497][  0]LogPakFile: OnPakFileMounted2Time == 0.000055
[2021.11.10-23.59.08:681][  0]LogNativeClassHierarchy: Verbose: Native class hierarchy updated for 'AddContentDialog' in 0.0003 seconds. Added 0 classes and 0 folders.
[2021.11.10-23.59.08:682][  0]LogNativeClassHierarchy: Verbose: Native class hierarchy updated for 'SceneOutliner' in 0.0003 seconds. Added 2 classes and 0 folders.
[2021.11.10-23.59.08:722][  0]LogSlate: Took 0.000471 seconds to synchronously load lazily loaded font '../../../Engine/Content/Slate/Fonts/Roboto-Regular.ttf' (155K)
[2021.11.10-23.59.08:724][  0]LogSlate: Took 0.000483 seconds to synchronously load lazily loaded font '../../../Engine/Content/Editor/Slate/Fonts/FontAwesome.ttf' (139K)
[2021.11.10-23.59.08:725][  0]LogSlate: Took 0.000385 seconds to synchronously load lazily loaded font '../../../Engine/Content/Slate/Fonts/Roboto-Bold.ttf' (160K)
[2021.11.10-23.59.08:842][  0]LogRenderer: Reallocating scene render targets to support 1276x576 Format 10 NumSamples 1 (Frame:1).
[2021.11.10-23.59.08:898][  0]LogSlate: Took 0.000460 seconds to synchronously load lazily loaded font '../../../Engine/Content/Slate/Fonts/Roboto-Light.ttf' (167K)
[2021.11.10-23.59.09:089][  0]LogNativeClassHierarchy: Verbose: Native class hierarchy updated for 'HierarchicalLODOutliner' in 0.0003 seconds. Added 0 classes and 0 folders.
[2021.11.10-23.59.09:089][  0]LogInput: Warning: Action Jump uses invalid key OculusGo_Left_Trigger_Click.
[2021.11.10-23.59.09:089][  0]LogInput: Warning: Action ResetVR uses invalid key OculusGo_Left_Trackpad_Click.
[2021.11.10-23.59.09:089][  0]LogInput: Warning: Use -RemoveInvalidKeys to remove instances of these keys from the action mapping.
[2021.11.10-23.59.09:089][  0]LogLoad: (Engine Initialization) Total time: 18.59 seconds
[2021.11.10-23.59.09:089][  0]LogLoad: (Engine Initialization) Total Blueprint compile time: 0.00 seconds
[2021.11.10-23.59.09:220][  0]LogContentStreaming: Texture pool size now 1000 MB
[2021.11.10-23.59.09:253][  1]LogRenderer: Reallocating scene render targets to support 1276x592 Format 10 NumSamples 1 (Frame:2).
[2021.11.10-23.59.09:303][  1]LogAssetRegistry: Asset discovery search completed in 12.2251 seconds
[2021.11.10-23.59.09:315][  1]LogCollectionManager: Fixed up redirectors for 0 collections in 0.000006 seconds (updated 0 objects)
